{"D:\\sonu\\e_commerce_app\\dist\\controllers\\authController.js": {"path":"D:\\sonu\\e_commerce_app\\dist\\controllers\\authController.js","statementMap":{"0":{"start":{"line":2,"column":22},"end":{"line":12,"column":3}},"1":{"start":{"line":3,"column":4},"end":{"line":3,"column":33}},"2":{"start":{"line":3,"column":26},"end":{"line":3,"column":33}},"3":{"start":{"line":4,"column":15},"end":{"line":4,"column":52}},"4":{"start":{"line":5,"column":4},"end":{"line":7,"column":5}},"5":{"start":{"line":6,"column":6},"end":{"line":6,"column":68}},"6":{"start":{"line":6,"column":51},"end":{"line":6,"column":63}},"7":{"start":{"line":8,"column":4},"end":{"line":8,"column":39}},"8":{"start":{"line":10,"column":4},"end":{"line":10,"column":33}},"9":{"start":{"line":10,"column":26},"end":{"line":10,"column":33}},"10":{"start":{"line":11,"column":4},"end":{"line":11,"column":17}},"11":{"start":{"line":13,"column":25},"end":{"line":17,"column":2}},"12":{"start":{"line":14,"column":4},"end":{"line":14,"column":72}},"13":{"start":{"line":16,"column":4},"end":{"line":16,"column":21}},"14":{"start":{"line":18,"column":19},"end":{"line":24,"column":1}},"15":{"start":{"line":19,"column":4},"end":{"line":19,"column":42}},"16":{"start":{"line":19,"column":31},"end":{"line":19,"column":42}},"17":{"start":{"line":20,"column":17},"end":{"line":20,"column":19}},"18":{"start":{"line":21,"column":4},"end":{"line":21,"column":141}},"19":{"start":{"line":21,"column":21},"end":{"line":21,"column":141}},"20":{"start":{"line":21,"column":40},"end":{"line":21,"column":141}},"21":{"start":{"line":21,"column":109},"end":{"line":21,"column":141}},"22":{"start":{"line":22,"column":4},"end":{"line":22,"column":36}},"23":{"start":{"line":23,"column":4},"end":{"line":23,"column":18}},"24":{"start":{"line":25,"column":16},"end":{"line":33,"column":1}},"25":{"start":{"line":26,"column":28},"end":{"line":26,"column":110}},"26":{"start":{"line":26,"column":91},"end":{"line":26,"column":106}},"27":{"start":{"line":27,"column":4},"end":{"line":32,"column":7}},"28":{"start":{"line":28,"column":36},"end":{"line":28,"column":97}},"29":{"start":{"line":28,"column":42},"end":{"line":28,"column":70}},"30":{"start":{"line":28,"column":85},"end":{"line":28,"column":95}},"31":{"start":{"line":29,"column":35},"end":{"line":29,"column":100}},"32":{"start":{"line":29,"column":41},"end":{"line":29,"column":73}},"33":{"start":{"line":29,"column":88},"end":{"line":29,"column":98}},"34":{"start":{"line":30,"column":32},"end":{"line":30,"column":116}},"35":{"start":{"line":31,"column":8},"end":{"line":31,"column":78}},"36":{"start":{"line":34,"column":22},"end":{"line":36,"column":1}},"37":{"start":{"line":35,"column":4},"end":{"line":35,"column":62}},"38":{"start":{"line":37,"column":0},"end":{"line":37,"column":62}},"39":{"start":{"line":38,"column":20},"end":{"line":38,"column":67}},"40":{"start":{"line":39,"column":21},"end":{"line":39,"column":69}},"41":{"start":{"line":40,"column":15},"end":{"line":40,"column":32}},"42":{"start":{"line":41,"column":15},"end":{"line":41,"column":48}},"43":{"start":{"line":42,"column":19},"end":{"line":42,"column":47}},"44":{"start":{"line":43,"column":24},"end":{"line":43,"column":62}},"45":{"start":{"line":44,"column":26},"end":{"line":44,"column":52}},"46":{"start":{"line":45,"column":34},"end":{"line":45,"column":82}},"47":{"start":{"line":46,"column":23},"end":{"line":179,"column":1}},"48":{"start":{"line":47,"column":32},"end":{"line":68,"column":6}},"49":{"start":{"line":48,"column":72},"end":{"line":48,"column":80}},"50":{"start":{"line":49,"column":8},"end":{"line":67,"column":9}},"51":{"start":{"line":50,"column":28},"end":{"line":50,"column":68}},"52":{"start":{"line":51,"column":12},"end":{"line":51,"column":44}},"53":{"start":{"line":52,"column":12},"end":{"line":52,"column":42}},"54":{"start":{"line":53,"column":12},"end":{"line":53,"column":36}},"55":{"start":{"line":54,"column":12},"end":{"line":54,"column":42}},"56":{"start":{"line":55,"column":12},"end":{"line":55,"column":34}},"57":{"start":{"line":56,"column":12},"end":{"line":56,"column":40}},"58":{"start":{"line":57,"column":27},"end":{"line":57,"column":96}},"59":{"start":{"line":58,"column":12},"end":{"line":61,"column":13}},"60":{"start":{"line":59,"column":16},"end":{"line":59,"column":45}},"61":{"start":{"line":60,"column":16},"end":{"line":60,"column":73}},"62":{"start":{"line":62,"column":25},"end":{"line":62,"column":67}},"63":{"start":{"line":63,"column":12},"end":{"line":63,"column":84}},"64":{"start":{"line":66,"column":12},"end":{"line":66,"column":69}},"65":{"start":{"line":69,"column":31},"end":{"line":96,"column":6}},"66":{"start":{"line":70,"column":8},"end":{"line":95,"column":9}},"67":{"start":{"line":71,"column":12},"end":{"line":71,"column":53}},"68":{"start":{"line":72,"column":25},"end":{"line":72,"column":85}},"69":{"start":{"line":73,"column":12},"end":{"line":76,"column":13}},"70":{"start":{"line":75,"column":16},"end":{"line":75,"column":73}},"71":{"start":{"line":77,"column":28},"end":{"line":77,"column":73}},"72":{"start":{"line":78,"column":12},"end":{"line":81,"column":13}},"73":{"start":{"line":80,"column":16},"end":{"line":80,"column":89}},"74":{"start":{"line":90,"column":12},"end":{"line":90,"column":69}},"75":{"start":{"line":93,"column":12},"end":{"line":93,"column":40}},"76":{"start":{"line":94,"column":12},"end":{"line":94,"column":69}},"77":{"start":{"line":97,"column":40},"end":{"line":125,"column":6}},"78":{"start":{"line":98,"column":26},"end":{"line":98,"column":34}},"79":{"start":{"line":99,"column":8},"end":{"line":101,"column":9}},"80":{"start":{"line":100,"column":12},"end":{"line":100,"column":47}},"81":{"start":{"line":102,"column":8},"end":{"line":124,"column":9}},"82":{"start":{"line":103,"column":25},"end":{"line":103,"column":69}},"83":{"start":{"line":104,"column":12},"end":{"line":106,"column":13}},"84":{"start":{"line":105,"column":16},"end":{"line":105,"column":80}},"85":{"start":{"line":107,"column":26},"end":{"line":107,"column":82}},"86":{"start":{"line":108,"column":12},"end":{"line":109,"column":40}},"87":{"start":{"line":109,"column":16},"end":{"line":109,"column":40}},"88":{"start":{"line":110,"column":29},"end":{"line":110,"column":67}},"89":{"start":{"line":111,"column":25},"end":{"line":111,"column":87}},"90":{"start":{"line":112,"column":12},"end":{"line":116,"column":15}},"91":{"start":{"line":117,"column":12},"end":{"line":120,"column":15}},"92":{"start":{"line":123,"column":12},"end":{"line":123,"column":98}},"93":{"start":{"line":126,"column":39},"end":{"line":149,"column":6}},"94":{"start":{"line":127,"column":44},"end":{"line":127,"column":52}},"95":{"start":{"line":128,"column":8},"end":{"line":148,"column":9}},"96":{"start":{"line":129,"column":35},"end":{"line":129,"column":81}},"97":{"start":{"line":130,"column":12},"end":{"line":132,"column":13}},"98":{"start":{"line":131,"column":16},"end":{"line":131,"column":101}},"99":{"start":{"line":133,"column":28},"end":{"line":133,"column":77}},"100":{"start":{"line":134,"column":12},"end":{"line":136,"column":13}},"101":{"start":{"line":135,"column":16},"end":{"line":135,"column":101}},"102":{"start":{"line":137,"column":25},"end":{"line":137,"column":85}},"103":{"start":{"line":138,"column":32},"end":{"line":138,"column":118}},"104":{"start":{"line":139,"column":12},"end":{"line":139,"column":45}},"105":{"start":{"line":140,"column":12},"end":{"line":143,"column":15}},"106":{"start":{"line":146,"column":12},"end":{"line":146,"column":40}},"107":{"start":{"line":147,"column":12},"end":{"line":147,"column":82}},"108":{"start":{"line":150,"column":40},"end":{"line":174,"column":6}},"109":{"start":{"line":152,"column":21},"end":{"line":152,"column":29}},"110":{"start":{"line":153,"column":46},"end":{"line":153,"column":54}},"111":{"start":{"line":154,"column":8},"end":{"line":173,"column":9}},"112":{"start":{"line":155,"column":32},"end":{"line":155,"column":92}},"113":{"start":{"line":156,"column":12},"end":{"line":156,"column":46}},"114":{"start":{"line":157,"column":12},"end":{"line":157,"column":60}},"115":{"start":{"line":158,"column":27},"end":{"line":158,"column":79}},"116":{"start":{"line":159,"column":12},"end":{"line":162,"column":13}},"117":{"start":{"line":160,"column":16},"end":{"line":160,"column":45}},"118":{"start":{"line":161,"column":16},"end":{"line":161,"column":73}},"119":{"start":{"line":163,"column":25},"end":{"line":163,"column":85}},"120":{"start":{"line":164,"column":12},"end":{"line":164,"column":101}},"121":{"start":{"line":165,"column":12},"end":{"line":165,"column":37}},"122":{"start":{"line":166,"column":12},"end":{"line":168,"column":15}},"123":{"start":{"line":171,"column":12},"end":{"line":171,"column":40}},"124":{"start":{"line":172,"column":12},"end":{"line":172,"column":81}},"125":{"start":{"line":175,"column":32},"end":{"line":178,"column":6}},"126":{"start":{"line":176,"column":8},"end":{"line":176,"column":33}},"127":{"start":{"line":177,"column":8},"end":{"line":177,"column":70}},"128":{"start":{"line":180,"column":0},"end":{"line":180,"column":33}}},"fnMap":{"0":{"name":"(anonymous_0)","decl":{"start":{"line":2,"column":74},"end":{"line":2,"column":75}},"loc":{"start":{"line":2,"column":96},"end":{"line":9,"column":1}},"line":2},"1":{"name":"(anonymous_1)","decl":{"start":{"line":6,"column":38},"end":{"line":6,"column":39}},"loc":{"start":{"line":6,"column":49},"end":{"line":6,"column":65}},"line":6},"2":{"name":"(anonymous_2)","decl":{"start":{"line":9,"column":6},"end":{"line":9,"column":7}},"loc":{"start":{"line":9,"column":28},"end":{"line":12,"column":1}},"line":9},"3":{"name":"(anonymous_3)","decl":{"start":{"line":13,"column":80},"end":{"line":13,"column":81}},"loc":{"start":{"line":13,"column":95},"end":{"line":15,"column":1}},"line":13},"4":{"name":"(anonymous_4)","decl":{"start":{"line":15,"column":5},"end":{"line":15,"column":6}},"loc":{"start":{"line":15,"column":20},"end":{"line":17,"column":1}},"line":15},"5":{"name":"(anonymous_5)","decl":{"start":{"line":18,"column":50},"end":{"line":18,"column":51}},"loc":{"start":{"line":18,"column":65},"end":{"line":24,"column":1}},"line":18},"6":{"name":"(anonymous_6)","decl":{"start":{"line":25,"column":44},"end":{"line":25,"column":45}},"loc":{"start":{"line":25,"column":89},"end":{"line":33,"column":1}},"line":25},"7":{"name":"adopt","decl":{"start":{"line":26,"column":13},"end":{"line":26,"column":18}},"loc":{"start":{"line":26,"column":26},"end":{"line":26,"column":112}},"line":26},"8":{"name":"(anonymous_8)","decl":{"start":{"line":26,"column":70},"end":{"line":26,"column":71}},"loc":{"start":{"line":26,"column":89},"end":{"line":26,"column":108}},"line":26},"9":{"name":"(anonymous_9)","decl":{"start":{"line":27,"column":36},"end":{"line":27,"column":37}},"loc":{"start":{"line":27,"column":63},"end":{"line":32,"column":5}},"line":27},"10":{"name":"fulfilled","decl":{"start":{"line":28,"column":17},"end":{"line":28,"column":26}},"loc":{"start":{"line":28,"column":34},"end":{"line":28,"column":99}},"line":28},"11":{"name":"rejected","decl":{"start":{"line":29,"column":17},"end":{"line":29,"column":25}},"loc":{"start":{"line":29,"column":33},"end":{"line":29,"column":102}},"line":29},"12":{"name":"step","decl":{"start":{"line":30,"column":17},"end":{"line":30,"column":21}},"loc":{"start":{"line":30,"column":30},"end":{"line":30,"column":118}},"line":30},"13":{"name":"(anonymous_13)","decl":{"start":{"line":34,"column":56},"end":{"line":34,"column":57}},"loc":{"start":{"line":34,"column":71},"end":{"line":36,"column":1}},"line":34},"14":{"name":"(anonymous_14)","decl":{"start":{"line":47,"column":12},"end":{"line":47,"column":13}},"loc":{"start":{"line":47,"column":32},"end":{"line":68,"column":6}},"line":47},"15":{"name":"(anonymous_15)","decl":{"start":{"line":47,"column":66},"end":{"line":47,"column":67}},"loc":{"start":{"line":47,"column":79},"end":{"line":68,"column":5}},"line":47},"16":{"name":"(anonymous_16)","decl":{"start":{"line":69,"column":11},"end":{"line":69,"column":12}},"loc":{"start":{"line":69,"column":31},"end":{"line":96,"column":6}},"line":69},"17":{"name":"(anonymous_17)","decl":{"start":{"line":69,"column":65},"end":{"line":69,"column":66}},"loc":{"start":{"line":69,"column":78},"end":{"line":96,"column":5}},"line":69},"18":{"name":"(anonymous_18)","decl":{"start":{"line":97,"column":20},"end":{"line":97,"column":21}},"loc":{"start":{"line":97,"column":40},"end":{"line":125,"column":6}},"line":97},"19":{"name":"(anonymous_19)","decl":{"start":{"line":97,"column":74},"end":{"line":97,"column":75}},"loc":{"start":{"line":97,"column":87},"end":{"line":125,"column":5}},"line":97},"20":{"name":"(anonymous_20)","decl":{"start":{"line":126,"column":19},"end":{"line":126,"column":20}},"loc":{"start":{"line":126,"column":39},"end":{"line":149,"column":6}},"line":126},"21":{"name":"(anonymous_21)","decl":{"start":{"line":126,"column":73},"end":{"line":126,"column":74}},"loc":{"start":{"line":126,"column":86},"end":{"line":149,"column":5}},"line":126},"22":{"name":"(anonymous_22)","decl":{"start":{"line":150,"column":20},"end":{"line":150,"column":21}},"loc":{"start":{"line":150,"column":40},"end":{"line":174,"column":6}},"line":150},"23":{"name":"(anonymous_23)","decl":{"start":{"line":150,"column":74},"end":{"line":150,"column":75}},"loc":{"start":{"line":150,"column":87},"end":{"line":174,"column":5}},"line":150},"24":{"name":"(anonymous_24)","decl":{"start":{"line":175,"column":12},"end":{"line":175,"column":13}},"loc":{"start":{"line":175,"column":32},"end":{"line":178,"column":6}},"line":175},"25":{"name":"(anonymous_25)","decl":{"start":{"line":175,"column":66},"end":{"line":175,"column":67}},"loc":{"start":{"line":175,"column":79},"end":{"line":178,"column":5}},"line":175}},"branchMap":{"0":{"loc":{"start":{"line":2,"column":22},"end":{"line":12,"column":3}},"type":"binary-expr","locations":[{"start":{"line":2,"column":23},"end":{"line":2,"column":27}},{"start":{"line":2,"column":31},"end":{"line":2,"column":51}},{"start":{"line":2,"column":57},"end":{"line":12,"column":2}}],"line":2},"1":{"loc":{"start":{"line":2,"column":57},"end":{"line":12,"column":2}},"type":"cond-expr","locations":[{"start":{"line":2,"column":74},"end":{"line":9,"column":1}},{"start":{"line":9,"column":6},"end":{"line":12,"column":1}}],"line":2},"2":{"loc":{"start":{"line":3,"column":4},"end":{"line":3,"column":33}},"type":"if","locations":[{"start":{"line":3,"column":4},"end":{"line":3,"column":33}},{"start":{},"end":{}}],"line":3},"3":{"loc":{"start":{"line":5,"column":4},"end":{"line":7,"column":5}},"type":"if","locations":[{"start":{"line":5,"column":4},"end":{"line":7,"column":5}},{"start":{},"end":{}}],"line":5},"4":{"loc":{"start":{"line":5,"column":8},"end":{"line":5,"column":85}},"type":"binary-expr","locations":[{"start":{"line":5,"column":8},"end":{"line":5,"column":13}},{"start":{"line":5,"column":18},"end":{"line":5,"column":84}}],"line":5},"5":{"loc":{"start":{"line":5,"column":18},"end":{"line":5,"column":84}},"type":"cond-expr","locations":[{"start":{"line":5,"column":34},"end":{"line":5,"column":47}},{"start":{"line":5,"column":50},"end":{"line":5,"column":84}}],"line":5},"6":{"loc":{"start":{"line":5,"column":50},"end":{"line":5,"column":84}},"type":"binary-expr","locations":[{"start":{"line":5,"column":50},"end":{"line":5,"column":63}},{"start":{"line":5,"column":67},"end":{"line":5,"column":84}}],"line":5},"7":{"loc":{"start":{"line":10,"column":4},"end":{"line":10,"column":33}},"type":"if","locations":[{"start":{"line":10,"column":4},"end":{"line":10,"column":33}},{"start":{},"end":{}}],"line":10},"8":{"loc":{"start":{"line":13,"column":25},"end":{"line":17,"column":2}},"type":"binary-expr","locations":[{"start":{"line":13,"column":26},"end":{"line":13,"column":30}},{"start":{"line":13,"column":34},"end":{"line":13,"column":57}},{"start":{"line":13,"column":63},"end":{"line":17,"column":1}}],"line":13},"9":{"loc":{"start":{"line":13,"column":63},"end":{"line":17,"column":1}},"type":"cond-expr","locations":[{"start":{"line":13,"column":80},"end":{"line":15,"column":1}},{"start":{"line":15,"column":5},"end":{"line":17,"column":1}}],"line":13},"10":{"loc":{"start":{"line":18,"column":19},"end":{"line":24,"column":1}},"type":"binary-expr","locations":[{"start":{"line":18,"column":20},"end":{"line":18,"column":24}},{"start":{"line":18,"column":28},"end":{"line":18,"column":45}},{"start":{"line":18,"column":50},"end":{"line":24,"column":1}}],"line":18},"11":{"loc":{"start":{"line":19,"column":4},"end":{"line":19,"column":42}},"type":"if","locations":[{"start":{"line":19,"column":4},"end":{"line":19,"column":42}},{"start":{},"end":{}}],"line":19},"12":{"loc":{"start":{"line":19,"column":8},"end":{"line":19,"column":29}},"type":"binary-expr","locations":[{"start":{"line":19,"column":8},"end":{"line":19,"column":11}},{"start":{"line":19,"column":15},"end":{"line":19,"column":29}}],"line":19},"13":{"loc":{"start":{"line":21,"column":4},"end":{"line":21,"column":141}},"type":"if","locations":[{"start":{"line":21,"column":4},"end":{"line":21,"column":141}},{"start":{},"end":{}}],"line":21},"14":{"loc":{"start":{"line":21,"column":40},"end":{"line":21,"column":141}},"type":"if","locations":[{"start":{"line":21,"column":40},"end":{"line":21,"column":141}},{"start":{},"end":{}}],"line":21},"15":{"loc":{"start":{"line":21,"column":44},"end":{"line":21,"column":107}},"type":"binary-expr","locations":[{"start":{"line":21,"column":44},"end":{"line":21,"column":59}},{"start":{"line":21,"column":63},"end":{"line":21,"column":107}}],"line":21},"16":{"loc":{"start":{"line":25,"column":16},"end":{"line":33,"column":1}},"type":"binary-expr","locations":[{"start":{"line":25,"column":17},"end":{"line":25,"column":21}},{"start":{"line":25,"column":25},"end":{"line":25,"column":39}},{"start":{"line":25,"column":44},"end":{"line":33,"column":1}}],"line":25},"17":{"loc":{"start":{"line":26,"column":35},"end":{"line":26,"column":109}},"type":"cond-expr","locations":[{"start":{"line":26,"column":56},"end":{"line":26,"column":61}},{"start":{"line":26,"column":64},"end":{"line":26,"column":109}}],"line":26},"18":{"loc":{"start":{"line":27,"column":16},"end":{"line":27,"column":34}},"type":"binary-expr","locations":[{"start":{"line":27,"column":16},"end":{"line":27,"column":17}},{"start":{"line":27,"column":22},"end":{"line":27,"column":33}}],"line":27},"19":{"loc":{"start":{"line":30,"column":32},"end":{"line":30,"column":115}},"type":"cond-expr","locations":[{"start":{"line":30,"column":46},"end":{"line":30,"column":67}},{"start":{"line":30,"column":70},"end":{"line":30,"column":115}}],"line":30},"20":{"loc":{"start":{"line":31,"column":51},"end":{"line":31,"column":67}},"type":"binary-expr","locations":[{"start":{"line":31,"column":51},"end":{"line":31,"column":61}},{"start":{"line":31,"column":65},"end":{"line":31,"column":67}}],"line":31},"21":{"loc":{"start":{"line":34,"column":22},"end":{"line":36,"column":1}},"type":"binary-expr","locations":[{"start":{"line":34,"column":23},"end":{"line":34,"column":27}},{"start":{"line":34,"column":31},"end":{"line":34,"column":51}},{"start":{"line":34,"column":56},"end":{"line":36,"column":1}}],"line":34},"22":{"loc":{"start":{"line":35,"column":11},"end":{"line":35,"column":61}},"type":"cond-expr","locations":[{"start":{"line":35,"column":37},"end":{"line":35,"column":40}},{"start":{"line":35,"column":43},"end":{"line":35,"column":61}}],"line":35},"23":{"loc":{"start":{"line":35,"column":12},"end":{"line":35,"column":33}},"type":"binary-expr","locations":[{"start":{"line":35,"column":12},"end":{"line":35,"column":15}},{"start":{"line":35,"column":19},"end":{"line":35,"column":33}}],"line":35},"24":{"loc":{"start":{"line":58,"column":12},"end":{"line":61,"column":13}},"type":"if","locations":[{"start":{"line":58,"column":12},"end":{"line":61,"column":13}},{"start":{},"end":{}}],"line":58},"25":{"loc":{"start":{"line":58,"column":16},"end":{"line":58,"column":77}},"type":"cond-expr","locations":[{"start":{"line":58,"column":55},"end":{"line":58,"column":61}},{"start":{"line":58,"column":64},"end":{"line":58,"column":77}}],"line":58},"26":{"loc":{"start":{"line":58,"column":16},"end":{"line":58,"column":52}},"type":"binary-expr","locations":[{"start":{"line":58,"column":16},"end":{"line":58,"column":31}},{"start":{"line":58,"column":35},"end":{"line":58,"column":52}}],"line":58},"27":{"loc":{"start":{"line":73,"column":12},"end":{"line":76,"column":13}},"type":"if","locations":[{"start":{"line":73,"column":12},"end":{"line":76,"column":13}},{"start":{},"end":{}}],"line":73},"28":{"loc":{"start":{"line":78,"column":12},"end":{"line":81,"column":13}},"type":"if","locations":[{"start":{"line":78,"column":12},"end":{"line":81,"column":13}},{"start":{},"end":{}}],"line":78},"29":{"loc":{"start":{"line":99,"column":8},"end":{"line":101,"column":9}},"type":"if","locations":[{"start":{"line":99,"column":8},"end":{"line":101,"column":9}},{"start":{},"end":{}}],"line":99},"30":{"loc":{"start":{"line":104,"column":12},"end":{"line":106,"column":13}},"type":"if","locations":[{"start":{"line":104,"column":12},"end":{"line":106,"column":13}},{"start":{},"end":{}}],"line":104},"31":{"loc":{"start":{"line":108,"column":12},"end":{"line":109,"column":40}},"type":"if","locations":[{"start":{"line":108,"column":12},"end":{"line":109,"column":40}},{"start":{},"end":{}}],"line":108},"32":{"loc":{"start":{"line":130,"column":12},"end":{"line":132,"column":13}},"type":"if","locations":[{"start":{"line":130,"column":12},"end":{"line":132,"column":13}},{"start":{},"end":{}}],"line":130},"33":{"loc":{"start":{"line":134,"column":12},"end":{"line":136,"column":13}},"type":"if","locations":[{"start":{"line":134,"column":12},"end":{"line":136,"column":13}},{"start":{},"end":{}}],"line":134},"34":{"loc":{"start":{"line":159,"column":12},"end":{"line":162,"column":13}},"type":"if","locations":[{"start":{"line":159,"column":12},"end":{"line":162,"column":13}},{"start":{},"end":{}}],"line":159},"35":{"loc":{"start":{"line":159,"column":16},"end":{"line":159,"column":77}},"type":"cond-expr","locations":[{"start":{"line":159,"column":55},"end":{"line":159,"column":61}},{"start":{"line":159,"column":64},"end":{"line":159,"column":77}}],"line":159},"36":{"loc":{"start":{"line":159,"column":16},"end":{"line":159,"column":52}},"type":"binary-expr","locations":[{"start":{"line":159,"column":16},"end":{"line":159,"column":31}},{"start":{"line":159,"column":35},"end":{"line":159,"column":52}}],"line":159}},"s":{"0":1,"1":11,"2":11,"3":11,"4":11,"5":11,"6":0,"7":11,"8":0,"9":0,"10":0,"11":1,"12":1,"13":0,"14":1,"15":1,"16":0,"17":1,"18":1,"19":1,"20":11,"21":11,"22":1,"23":1,"24":1,"25":3,"26":2,"27":2,"28":3,"29":3,"30":0,"31":0,"32":0,"33":0,"34":5,"35":2,"36":1,"37":2,"38":1,"39":1,"40":1,"41":1,"42":1,"43":1,"44":1,"45":1,"46":1,"47":1,"48":0,"49":0,"50":0,"51":0,"52":0,"53":0,"54":0,"55":0,"56":0,"57":0,"58":0,"59":0,"60":0,"61":0,"62":0,"63":0,"64":0,"65":2,"66":2,"67":2,"68":2,"69":2,"70":1,"71":1,"72":1,"73":0,"74":1,"75":0,"76":0,"77":0,"78":0,"79":0,"80":0,"81":0,"82":0,"83":0,"84":0,"85":0,"86":0,"87":0,"88":0,"89":0,"90":0,"91":0,"92":0,"93":0,"94":0,"95":0,"96":0,"97":0,"98":0,"99":0,"100":0,"101":0,"102":0,"103":0,"104":0,"105":0,"106":0,"107":0,"108":0,"109":0,"110":0,"111":0,"112":0,"113":0,"114":0,"115":0,"116":0,"117":0,"118":0,"119":0,"120":0,"121":0,"122":0,"123":0,"124":0,"125":0,"126":0,"127":0,"128":1},"f":{"0":11,"1":0,"2":0,"3":1,"4":0,"5":1,"6":2,"7":3,"8":2,"9":2,"10":3,"11":0,"12":5,"13":2,"14":0,"15":0,"16":2,"17":2,"18":0,"19":0,"20":0,"21":0,"22":0,"23":0,"24":0,"25":0},"b":{"0":[1,0,1],"1":[1,0],"2":[11,0],"3":[11,0],"4":[11,11],"5":[0,11],"6":[11,0],"7":[0,0],"8":[1,0,1],"9":[1,0],"10":[1,0,1],"11":[0,1],"12":[1,1],"13":[1,0],"14":[11,0],"15":[11,11],"16":[1,0,1],"17":[1,2],"18":[2,2],"19":[2,3],"20":[2,2],"21":[1,0,1],"22":[2,0],"23":[2,2],"24":[0,0],"25":[0,0],"26":[0,0],"27":[1,1],"28":[0,1],"29":[0,0],"30":[0,0],"31":[0,0],"32":[0,0],"33":[0,0],"34":[0,0],"35":[0,0],"36":[0,0]},"_coverageSchema":"1a1c01bbd47fc00a2c39e90264f33305004495a9","hash":"a788e1ea2049459c9be3683ebdc49014c9d1f5d6"}
,"D:\\sonu\\e_commerce_app\\dist\\models\\tokenModel.js": {"path":"D:\\sonu\\e_commerce_app\\dist\\models\\tokenModel.js","statementMap":{"0":{"start":{"line":2,"column":0},"end":{"line":2,"column":62}},"1":{"start":{"line":3,"column":17},"end":{"line":3,"column":36}},"2":{"start":{"line":4,"column":15},"end":{"line":4,"column":30}},"3":{"start":{"line":5,"column":16},"end":{"line":16,"column":1}},"4":{"start":{"line":17,"column":20},"end":{"line":33,"column":11}},"5":{"start":{"line":34,"column":14},"end":{"line":34,"column":50}},"6":{"start":{"line":35,"column":0},"end":{"line":35,"column":24}}},"fnMap":{},"branchMap":{},"s":{"0":1,"1":1,"2":1,"3":1,"4":1,"5":1,"6":1},"f":{},"b":{},"_coverageSchema":"1a1c01bbd47fc00a2c39e90264f33305004495a9","hash":"9623cf40a18d7b626d94db8e289d11e2a76ce0fb"}
,"D:\\sonu\\e_commerce_app\\dist\\models\\userModel.js": {"path":"D:\\sonu\\e_commerce_app\\dist\\models\\userModel.js","statementMap":{"0":{"start":{"line":2,"column":22},"end":{"line":12,"column":3}},"1":{"start":{"line":3,"column":4},"end":{"line":3,"column":33}},"2":{"start":{"line":3,"column":26},"end":{"line":3,"column":33}},"3":{"start":{"line":4,"column":15},"end":{"line":4,"column":52}},"4":{"start":{"line":5,"column":4},"end":{"line":7,"column":5}},"5":{"start":{"line":6,"column":6},"end":{"line":6,"column":68}},"6":{"start":{"line":6,"column":51},"end":{"line":6,"column":63}},"7":{"start":{"line":8,"column":4},"end":{"line":8,"column":39}},"8":{"start":{"line":10,"column":4},"end":{"line":10,"column":33}},"9":{"start":{"line":10,"column":26},"end":{"line":10,"column":33}},"10":{"start":{"line":11,"column":4},"end":{"line":11,"column":17}},"11":{"start":{"line":13,"column":25},"end":{"line":17,"column":2}},"12":{"start":{"line":14,"column":4},"end":{"line":14,"column":72}},"13":{"start":{"line":16,"column":4},"end":{"line":16,"column":21}},"14":{"start":{"line":18,"column":19},"end":{"line":24,"column":1}},"15":{"start":{"line":19,"column":4},"end":{"line":19,"column":42}},"16":{"start":{"line":19,"column":31},"end":{"line":19,"column":42}},"17":{"start":{"line":20,"column":17},"end":{"line":20,"column":19}},"18":{"start":{"line":21,"column":4},"end":{"line":21,"column":141}},"19":{"start":{"line":21,"column":21},"end":{"line":21,"column":141}},"20":{"start":{"line":21,"column":40},"end":{"line":21,"column":141}},"21":{"start":{"line":21,"column":109},"end":{"line":21,"column":141}},"22":{"start":{"line":22,"column":4},"end":{"line":22,"column":36}},"23":{"start":{"line":23,"column":4},"end":{"line":23,"column":18}},"24":{"start":{"line":25,"column":16},"end":{"line":33,"column":1}},"25":{"start":{"line":26,"column":28},"end":{"line":26,"column":110}},"26":{"start":{"line":26,"column":91},"end":{"line":26,"column":106}},"27":{"start":{"line":27,"column":4},"end":{"line":32,"column":7}},"28":{"start":{"line":28,"column":36},"end":{"line":28,"column":97}},"29":{"start":{"line":28,"column":42},"end":{"line":28,"column":70}},"30":{"start":{"line":28,"column":85},"end":{"line":28,"column":95}},"31":{"start":{"line":29,"column":35},"end":{"line":29,"column":100}},"32":{"start":{"line":29,"column":41},"end":{"line":29,"column":73}},"33":{"start":{"line":29,"column":88},"end":{"line":29,"column":98}},"34":{"start":{"line":30,"column":32},"end":{"line":30,"column":116}},"35":{"start":{"line":31,"column":8},"end":{"line":31,"column":78}},"36":{"start":{"line":34,"column":22},"end":{"line":36,"column":1}},"37":{"start":{"line":35,"column":4},"end":{"line":35,"column":62}},"38":{"start":{"line":37,"column":0},"end":{"line":37,"column":62}},"39":{"start":{"line":38,"column":19},"end":{"line":38,"column":55}},"40":{"start":{"line":39,"column":20},"end":{"line":39,"column":57}},"41":{"start":{"line":40,"column":12},"end":{"line":40,"column":35}},"42":{"start":{"line":41,"column":15},"end":{"line":41,"column":48}},"43":{"start":{"line":42,"column":23},"end":{"line":42,"column":50}},"44":{"start":{"line":43,"column":16},"end":{"line":54,"column":1}},"45":{"start":{"line":55,"column":19},"end":{"line":99,"column":11}},"46":{"start":{"line":82,"column":30},"end":{"line":82,"column":150}},"47":{"start":{"line":83,"column":16},"end":{"line":83,"column":41}},"48":{"start":{"line":100,"column":0},"end":{"line":114,"column":3}},"49":{"start":{"line":101,"column":4},"end":{"line":113,"column":7}},"50":{"start":{"line":102,"column":8},"end":{"line":104,"column":9}},"51":{"start":{"line":103,"column":12},"end":{"line":103,"column":26}},"52":{"start":{"line":105,"column":8},"end":{"line":112,"column":9}},"53":{"start":{"line":106,"column":25},"end":{"line":106,"column":90}},"54":{"start":{"line":107,"column":12},"end":{"line":107,"column":33}},"55":{"start":{"line":108,"column":12},"end":{"line":108,"column":19}},"56":{"start":{"line":111,"column":12},"end":{"line":111,"column":29}},"57":{"start":{"line":116,"column":0},"end":{"line":118,"column":2}},"58":{"start":{"line":117,"column":4},"end":{"line":117,"column":51}},"59":{"start":{"line":120,"column":0},"end":{"line":123,"column":2}},"60":{"start":{"line":121,"column":4},"end":{"line":121,"column":25}},"61":{"start":{"line":122,"column":4},"end":{"line":122,"column":23}},"62":{"start":{"line":125,"column":0},"end":{"line":130,"column":2}},"63":{"start":{"line":126,"column":18},"end":{"line":128,"column":6}},"64":{"start":{"line":129,"column":4},"end":{"line":129,"column":17}},"65":{"start":{"line":131,"column":0},"end":{"line":139,"column":2}},"66":{"start":{"line":132,"column":4},"end":{"line":138,"column":5}},"67":{"start":{"line":133,"column":24},"end":{"line":133,"column":65}},"68":{"start":{"line":134,"column":8},"end":{"line":134,"column":50}},"69":{"start":{"line":137,"column":8},"end":{"line":137,"column":65}},"70":{"start":{"line":140,"column":0},"end":{"line":140,"column":34}},"71":{"start":{"line":141,"column":13},"end":{"line":141,"column":57}},"72":{"start":{"line":142,"column":0},"end":{"line":142,"column":23}}},"fnMap":{"0":{"name":"(anonymous_0)","decl":{"start":{"line":2,"column":74},"end":{"line":2,"column":75}},"loc":{"start":{"line":2,"column":96},"end":{"line":9,"column":1}},"line":2},"1":{"name":"(anonymous_1)","decl":{"start":{"line":6,"column":38},"end":{"line":6,"column":39}},"loc":{"start":{"line":6,"column":49},"end":{"line":6,"column":65}},"line":6},"2":{"name":"(anonymous_2)","decl":{"start":{"line":9,"column":6},"end":{"line":9,"column":7}},"loc":{"start":{"line":9,"column":28},"end":{"line":12,"column":1}},"line":9},"3":{"name":"(anonymous_3)","decl":{"start":{"line":13,"column":80},"end":{"line":13,"column":81}},"loc":{"start":{"line":13,"column":95},"end":{"line":15,"column":1}},"line":13},"4":{"name":"(anonymous_4)","decl":{"start":{"line":15,"column":5},"end":{"line":15,"column":6}},"loc":{"start":{"line":15,"column":20},"end":{"line":17,"column":1}},"line":15},"5":{"name":"(anonymous_5)","decl":{"start":{"line":18,"column":50},"end":{"line":18,"column":51}},"loc":{"start":{"line":18,"column":65},"end":{"line":24,"column":1}},"line":18},"6":{"name":"(anonymous_6)","decl":{"start":{"line":25,"column":44},"end":{"line":25,"column":45}},"loc":{"start":{"line":25,"column":89},"end":{"line":33,"column":1}},"line":25},"7":{"name":"adopt","decl":{"start":{"line":26,"column":13},"end":{"line":26,"column":18}},"loc":{"start":{"line":26,"column":26},"end":{"line":26,"column":112}},"line":26},"8":{"name":"(anonymous_8)","decl":{"start":{"line":26,"column":70},"end":{"line":26,"column":71}},"loc":{"start":{"line":26,"column":89},"end":{"line":26,"column":108}},"line":26},"9":{"name":"(anonymous_9)","decl":{"start":{"line":27,"column":36},"end":{"line":27,"column":37}},"loc":{"start":{"line":27,"column":63},"end":{"line":32,"column":5}},"line":27},"10":{"name":"fulfilled","decl":{"start":{"line":28,"column":17},"end":{"line":28,"column":26}},"loc":{"start":{"line":28,"column":34},"end":{"line":28,"column":99}},"line":28},"11":{"name":"rejected","decl":{"start":{"line":29,"column":17},"end":{"line":29,"column":25}},"loc":{"start":{"line":29,"column":33},"end":{"line":29,"column":102}},"line":29},"12":{"name":"step","decl":{"start":{"line":30,"column":17},"end":{"line":30,"column":21}},"loc":{"start":{"line":30,"column":30},"end":{"line":30,"column":118}},"line":30},"13":{"name":"(anonymous_13)","decl":{"start":{"line":34,"column":56},"end":{"line":34,"column":57}},"loc":{"start":{"line":34,"column":71},"end":{"line":36,"column":1}},"line":34},"14":{"name":"(anonymous_14)","decl":{"start":{"line":80,"column":23},"end":{"line":80,"column":24}},"loc":{"start":{"line":80,"column":40},"end":{"line":84,"column":13}},"line":80},"15":{"name":"(anonymous_15)","decl":{"start":{"line":100,"column":23},"end":{"line":100,"column":24}},"loc":{"start":{"line":100,"column":39},"end":{"line":114,"column":1}},"line":100},"16":{"name":"(anonymous_16)","decl":{"start":{"line":101,"column":43},"end":{"line":101,"column":44}},"loc":{"start":{"line":101,"column":56},"end":{"line":113,"column":5}},"line":101},"17":{"name":"(anonymous_17)","decl":{"start":{"line":116,"column":37},"end":{"line":116,"column":38}},"loc":{"start":{"line":116,"column":57},"end":{"line":118,"column":1}},"line":116},"18":{"name":"(anonymous_18)","decl":{"start":{"line":120,"column":41},"end":{"line":120,"column":42}},"loc":{"start":{"line":120,"column":53},"end":{"line":123,"column":1}},"line":120},"19":{"name":"(anonymous_19)","decl":{"start":{"line":125,"column":39},"end":{"line":125,"column":40}},"loc":{"start":{"line":125,"column":51},"end":{"line":130,"column":1}},"line":125},"20":{"name":"(anonymous_20)","decl":{"start":{"line":131,"column":33},"end":{"line":131,"column":34}},"loc":{"start":{"line":131,"column":50},"end":{"line":139,"column":1}},"line":131}},"branchMap":{"0":{"loc":{"start":{"line":2,"column":22},"end":{"line":12,"column":3}},"type":"binary-expr","locations":[{"start":{"line":2,"column":23},"end":{"line":2,"column":27}},{"start":{"line":2,"column":31},"end":{"line":2,"column":51}},{"start":{"line":2,"column":57},"end":{"line":12,"column":2}}],"line":2},"1":{"loc":{"start":{"line":2,"column":57},"end":{"line":12,"column":2}},"type":"cond-expr","locations":[{"start":{"line":2,"column":74},"end":{"line":9,"column":1}},{"start":{"line":9,"column":6},"end":{"line":12,"column":1}}],"line":2},"2":{"loc":{"start":{"line":3,"column":4},"end":{"line":3,"column":33}},"type":"if","locations":[{"start":{"line":3,"column":4},"end":{"line":3,"column":33}},{"start":{},"end":{}}],"line":3},"3":{"loc":{"start":{"line":5,"column":4},"end":{"line":7,"column":5}},"type":"if","locations":[{"start":{"line":5,"column":4},"end":{"line":7,"column":5}},{"start":{},"end":{}}],"line":5},"4":{"loc":{"start":{"line":5,"column":8},"end":{"line":5,"column":85}},"type":"binary-expr","locations":[{"start":{"line":5,"column":8},"end":{"line":5,"column":13}},{"start":{"line":5,"column":18},"end":{"line":5,"column":84}}],"line":5},"5":{"loc":{"start":{"line":5,"column":18},"end":{"line":5,"column":84}},"type":"cond-expr","locations":[{"start":{"line":5,"column":34},"end":{"line":5,"column":47}},{"start":{"line":5,"column":50},"end":{"line":5,"column":84}}],"line":5},"6":{"loc":{"start":{"line":5,"column":50},"end":{"line":5,"column":84}},"type":"binary-expr","locations":[{"start":{"line":5,"column":50},"end":{"line":5,"column":63}},{"start":{"line":5,"column":67},"end":{"line":5,"column":84}}],"line":5},"7":{"loc":{"start":{"line":10,"column":4},"end":{"line":10,"column":33}},"type":"if","locations":[{"start":{"line":10,"column":4},"end":{"line":10,"column":33}},{"start":{},"end":{}}],"line":10},"8":{"loc":{"start":{"line":13,"column":25},"end":{"line":17,"column":2}},"type":"binary-expr","locations":[{"start":{"line":13,"column":26},"end":{"line":13,"column":30}},{"start":{"line":13,"column":34},"end":{"line":13,"column":57}},{"start":{"line":13,"column":63},"end":{"line":17,"column":1}}],"line":13},"9":{"loc":{"start":{"line":13,"column":63},"end":{"line":17,"column":1}},"type":"cond-expr","locations":[{"start":{"line":13,"column":80},"end":{"line":15,"column":1}},{"start":{"line":15,"column":5},"end":{"line":17,"column":1}}],"line":13},"10":{"loc":{"start":{"line":18,"column":19},"end":{"line":24,"column":1}},"type":"binary-expr","locations":[{"start":{"line":18,"column":20},"end":{"line":18,"column":24}},{"start":{"line":18,"column":28},"end":{"line":18,"column":45}},{"start":{"line":18,"column":50},"end":{"line":24,"column":1}}],"line":18},"11":{"loc":{"start":{"line":19,"column":4},"end":{"line":19,"column":42}},"type":"if","locations":[{"start":{"line":19,"column":4},"end":{"line":19,"column":42}},{"start":{},"end":{}}],"line":19},"12":{"loc":{"start":{"line":19,"column":8},"end":{"line":19,"column":29}},"type":"binary-expr","locations":[{"start":{"line":19,"column":8},"end":{"line":19,"column":11}},{"start":{"line":19,"column":15},"end":{"line":19,"column":29}}],"line":19},"13":{"loc":{"start":{"line":21,"column":4},"end":{"line":21,"column":141}},"type":"if","locations":[{"start":{"line":21,"column":4},"end":{"line":21,"column":141}},{"start":{},"end":{}}],"line":21},"14":{"loc":{"start":{"line":21,"column":40},"end":{"line":21,"column":141}},"type":"if","locations":[{"start":{"line":21,"column":40},"end":{"line":21,"column":141}},{"start":{},"end":{}}],"line":21},"15":{"loc":{"start":{"line":21,"column":44},"end":{"line":21,"column":107}},"type":"binary-expr","locations":[{"start":{"line":21,"column":44},"end":{"line":21,"column":59}},{"start":{"line":21,"column":63},"end":{"line":21,"column":107}}],"line":21},"16":{"loc":{"start":{"line":25,"column":16},"end":{"line":33,"column":1}},"type":"binary-expr","locations":[{"start":{"line":25,"column":17},"end":{"line":25,"column":21}},{"start":{"line":25,"column":25},"end":{"line":25,"column":39}},{"start":{"line":25,"column":44},"end":{"line":33,"column":1}}],"line":25},"17":{"loc":{"start":{"line":26,"column":35},"end":{"line":26,"column":109}},"type":"cond-expr","locations":[{"start":{"line":26,"column":56},"end":{"line":26,"column":61}},{"start":{"line":26,"column":64},"end":{"line":26,"column":109}}],"line":26},"18":{"loc":{"start":{"line":27,"column":16},"end":{"line":27,"column":34}},"type":"binary-expr","locations":[{"start":{"line":27,"column":16},"end":{"line":27,"column":17}},{"start":{"line":27,"column":22},"end":{"line":27,"column":33}}],"line":27},"19":{"loc":{"start":{"line":30,"column":32},"end":{"line":30,"column":115}},"type":"cond-expr","locations":[{"start":{"line":30,"column":46},"end":{"line":30,"column":67}},{"start":{"line":30,"column":70},"end":{"line":30,"column":115}}],"line":30},"20":{"loc":{"start":{"line":31,"column":51},"end":{"line":31,"column":67}},"type":"binary-expr","locations":[{"start":{"line":31,"column":51},"end":{"line":31,"column":61}},{"start":{"line":31,"column":65},"end":{"line":31,"column":67}}],"line":31},"21":{"loc":{"start":{"line":34,"column":22},"end":{"line":36,"column":1}},"type":"binary-expr","locations":[{"start":{"line":34,"column":23},"end":{"line":34,"column":27}},{"start":{"line":34,"column":31},"end":{"line":34,"column":51}},{"start":{"line":34,"column":56},"end":{"line":36,"column":1}}],"line":34},"22":{"loc":{"start":{"line":35,"column":11},"end":{"line":35,"column":61}},"type":"cond-expr","locations":[{"start":{"line":35,"column":37},"end":{"line":35,"column":40}},{"start":{"line":35,"column":43},"end":{"line":35,"column":61}}],"line":35},"23":{"loc":{"start":{"line":35,"column":12},"end":{"line":35,"column":33}},"type":"binary-expr","locations":[{"start":{"line":35,"column":12},"end":{"line":35,"column":15}},{"start":{"line":35,"column":19},"end":{"line":35,"column":33}}],"line":35},"24":{"loc":{"start":{"line":102,"column":8},"end":{"line":104,"column":9}},"type":"if","locations":[{"start":{"line":102,"column":8},"end":{"line":104,"column":9}},{"start":{},"end":{}}],"line":102}},"s":{"0":1,"1":11,"2":11,"3":11,"4":11,"5":11,"6":0,"7":11,"8":0,"9":0,"10":0,"11":1,"12":1,"13":0,"14":1,"15":1,"16":0,"17":1,"18":1,"19":1,"20":11,"21":11,"22":1,"23":1,"24":1,"25":0,"26":0,"27":0,"28":0,"29":0,"30":0,"31":0,"32":0,"33":0,"34":0,"35":0,"36":1,"37":2,"38":1,"39":1,"40":1,"41":1,"42":1,"43":1,"44":1,"45":1,"46":0,"47":0,"48":1,"49":0,"50":0,"51":0,"52":0,"53":0,"54":0,"55":0,"56":0,"57":1,"58":0,"59":1,"60":0,"61":0,"62":1,"63":0,"64":0,"65":1,"66":0,"67":0,"68":0,"69":0,"70":1,"71":1,"72":1},"f":{"0":11,"1":0,"2":0,"3":1,"4":0,"5":1,"6":0,"7":0,"8":0,"9":0,"10":0,"11":0,"12":0,"13":2,"14":0,"15":0,"16":0,"17":0,"18":0,"19":0,"20":0},"b":{"0":[1,0,1],"1":[1,0],"2":[11,0],"3":[11,0],"4":[11,11],"5":[0,11],"6":[11,0],"7":[0,0],"8":[1,0,1],"9":[1,0],"10":[1,0,1],"11":[0,1],"12":[1,1],"13":[1,0],"14":[11,0],"15":[11,11],"16":[1,0,1],"17":[0,0],"18":[0,0],"19":[0,0],"20":[0,0],"21":[1,0,1],"22":[0,2],"23":[2,2],"24":[0,0]},"_coverageSchema":"1a1c01bbd47fc00a2c39e90264f33305004495a9","hash":"477b91126a5ccef9c405843b8061ef9eb43ab034"}
,"D:\\sonu\\e_commerce_app\\dist\\test\\sum.js": {"path":"D:\\sonu\\e_commerce_app\\dist\\test\\sum.js","statementMap":{"0":{"start":{"line":2,"column":0},"end":{"line":2,"column":62}},"1":{"start":{"line":3,"column":0},"end":{"line":3,"column":21}},"2":{"start":{"line":4,"column":12},"end":{"line":6,"column":1}},"3":{"start":{"line":5,"column":4},"end":{"line":5,"column":17}},"4":{"start":{"line":7,"column":0},"end":{"line":7,"column":18}}},"fnMap":{"0":{"name":"(anonymous_0)","decl":{"start":{"line":4,"column":12},"end":{"line":4,"column":13}},"loc":{"start":{"line":4,"column":22},"end":{"line":6,"column":1}},"line":4}},"branchMap":{},"s":{"0":1,"1":1,"2":1,"3":1,"4":1},"f":{"0":1},"b":{},"_coverageSchema":"1a1c01bbd47fc00a2c39e90264f33305004495a9","hash":"0467f16cbe0a1a7e5ce6a043915f27494c16d3ed"}
,"D:\\sonu\\e_commerce_app\\dist\\utils\\appError.js": {"path":"D:\\sonu\\e_commerce_app\\dist\\utils\\appError.js","statementMap":{"0":{"start":{"line":2,"column":0},"end":{"line":2,"column":62}},"1":{"start":{"line":3,"column":0},"end":{"line":3,"column":26}},"2":{"start":{"line":6,"column":8},"end":{"line":6,"column":23}},"3":{"start":{"line":7,"column":8},"end":{"line":7,"column":37}},"4":{"start":{"line":8,"column":8},"end":{"line":8,"column":73}},"5":{"start":{"line":9,"column":8},"end":{"line":9,"column":34}},"6":{"start":{"line":10,"column":8},"end":{"line":10,"column":56}},"7":{"start":{"line":13,"column":0},"end":{"line":13,"column":28}}},"fnMap":{"0":{"name":"(anonymous_0)","decl":{"start":{"line":5,"column":4},"end":{"line":5,"column":5}},"loc":{"start":{"line":5,"column":37},"end":{"line":11,"column":5}},"line":5}},"branchMap":{"0":{"loc":{"start":{"line":8,"column":22},"end":{"line":8,"column":72}},"type":"cond-expr","locations":[{"start":{"line":8,"column":56},"end":{"line":8,"column":62}},{"start":{"line":8,"column":65},"end":{"line":8,"column":72}}],"line":8}},"s":{"0":1,"1":1,"2":0,"3":0,"4":0,"5":0,"6":0,"7":1},"f":{"0":0},"b":{"0":[0,0]},"_coverageSchema":"1a1c01bbd47fc00a2c39e90264f33305004495a9","hash":"6a3d238bc6c643a05bed4cda4bbbee93c7613d63"}
,"D:\\sonu\\e_commerce_app\\dist\\validators\\changePasswordValidator.js": {"path":"D:\\sonu\\e_commerce_app\\dist\\validators\\changePasswordValidator.js","statementMap":{"0":{"start":{"line":2,"column":17},"end":{"line":7,"column":1}},"1":{"start":{"line":3,"column":12},"end":{"line":3,"column":28}},"2":{"start":{"line":3,"column":34},"end":{"line":3,"column":125}},"3":{"start":{"line":4,"column":4},"end":{"line":5,"column":150}},"4":{"start":{"line":4,"column":79},"end":{"line":4,"column":131}},"5":{"start":{"line":5,"column":9},"end":{"line":5,"column":150}},"6":{"start":{"line":5,"column":22},"end":{"line":5,"column":43}},"7":{"start":{"line":5,"column":58},"end":{"line":5,"column":150}},"8":{"start":{"line":5,"column":81},"end":{"line":5,"column":150}},"9":{"start":{"line":6,"column":4},"end":{"line":6,"column":66}},"10":{"start":{"line":8,"column":0},"end":{"line":8,"column":62}},"11":{"start":{"line":9,"column":0},"end":{"line":9,"column":46}},"12":{"start":{"line":10,"column":26},"end":{"line":10,"column":52}},"13":{"start":{"line":11,"column":27},"end":{"line":11,"column":56}},"14":{"start":{"line":14,"column":0},"end":{"line":19,"column":63}},"15":{"start":{"line":20,"column":0},"end":{"line":25,"column":70}},"16":{"start":{"line":26,"column":0},"end":{"line":26,"column":68}}},"fnMap":{"0":{"name":"(anonymous_0)","decl":{"start":{"line":2,"column":46},"end":{"line":2,"column":47}},"loc":{"start":{"line":2,"column":87},"end":{"line":7,"column":1}},"line":2}},"branchMap":{"0":{"loc":{"start":{"line":2,"column":17},"end":{"line":7,"column":1}},"type":"binary-expr","locations":[{"start":{"line":2,"column":18},"end":{"line":2,"column":22}},{"start":{"line":2,"column":26},"end":{"line":2,"column":41}},{"start":{"line":2,"column":46},"end":{"line":7,"column":1}}],"line":2},"1":{"loc":{"start":{"line":3,"column":34},"end":{"line":3,"column":125}},"type":"cond-expr","locations":[{"start":{"line":3,"column":42},"end":{"line":3,"column":48}},{"start":{"line":3,"column":51},"end":{"line":3,"column":125}}],"line":3},"2":{"loc":{"start":{"line":3,"column":51},"end":{"line":3,"column":125}},"type":"cond-expr","locations":[{"start":{"line":3,"column":67},"end":{"line":3,"column":118}},{"start":{"line":3,"column":121},"end":{"line":3,"column":125}}],"line":3},"3":{"loc":{"start":{"line":4,"column":4},"end":{"line":5,"column":150}},"type":"if","locations":[{"start":{"line":4,"column":4},"end":{"line":5,"column":150}},{"start":{"line":5,"column":9},"end":{"line":5,"column":150}}],"line":4},"4":{"loc":{"start":{"line":4,"column":8},"end":{"line":4,"column":77}},"type":"binary-expr","locations":[{"start":{"line":4,"column":8},"end":{"line":4,"column":35}},{"start":{"line":4,"column":39},"end":{"line":4,"column":77}}],"line":4},"5":{"loc":{"start":{"line":5,"column":58},"end":{"line":5,"column":150}},"type":"if","locations":[{"start":{"line":5,"column":58},"end":{"line":5,"column":150}},{"start":{},"end":{}}],"line":5},"6":{"loc":{"start":{"line":5,"column":85},"end":{"line":5,"column":149}},"type":"binary-expr","locations":[{"start":{"line":5,"column":86},"end":{"line":5,"column":143}},{"start":{"line":5,"column":148},"end":{"line":5,"column":149}}],"line":5},"7":{"loc":{"start":{"line":5,"column":86},"end":{"line":5,"column":143}},"type":"cond-expr","locations":[{"start":{"line":5,"column":94},"end":{"line":5,"column":98}},{"start":{"line":5,"column":101},"end":{"line":5,"column":143}}],"line":5},"8":{"loc":{"start":{"line":5,"column":101},"end":{"line":5,"column":143}},"type":"cond-expr","locations":[{"start":{"line":5,"column":109},"end":{"line":5,"column":126}},{"start":{"line":5,"column":129},"end":{"line":5,"column":143}}],"line":5},"9":{"loc":{"start":{"line":6,"column":11},"end":{"line":6,"column":62}},"type":"binary-expr","locations":[{"start":{"line":6,"column":11},"end":{"line":6,"column":16}},{"start":{"line":6,"column":20},"end":{"line":6,"column":21}},{"start":{"line":6,"column":25},"end":{"line":6,"column":62}}],"line":6}},"s":{"0":1,"1":2,"2":2,"3":2,"4":0,"5":2,"6":2,"7":8,"8":8,"9":2,"10":1,"11":1,"12":1,"13":1,"14":1,"15":1,"16":1},"f":{"0":2},"b":{"0":[1,0,1],"1":[0,2],"2":[0,2],"3":[0,2],"4":[2,2],"5":[8,0],"6":[8,8],"7":[0,8],"8":[8,0],"9":[2,2,0]},"_coverageSchema":"1a1c01bbd47fc00a2c39e90264f33305004495a9","hash":"804d0325ae956f833517ad85799bb579a86bd0fe"}
,"D:\\sonu\\e_commerce_app\\dist\\validators\\customeValidator.js": {"path":"D:\\sonu\\e_commerce_app\\dist\\validators\\customeValidator.js","statementMap":{"0":{"start":{"line":2,"column":0},"end":{"line":2,"column":62}},"1":{"start":{"line":3,"column":0},"end":{"line":3,"column":23}},"2":{"start":{"line":4,"column":26},"end":{"line":4,"column":52}},"3":{"start":{"line":6,"column":4},"end":{"line":24,"column":6}},"4":{"start":{"line":7,"column":8},"end":{"line":23,"column":11}},"5":{"start":{"line":14,"column":50},"end":{"line":14,"column":66}},"6":{"start":{"line":15,"column":41},"end":{"line":15,"column":73}},"7":{"start":{"line":16,"column":20},"end":{"line":16,"column":50}},"8":{"start":{"line":19,"column":50},"end":{"line":19,"column":66}},"9":{"start":{"line":20,"column":20},"end":{"line":20,"column":85}},"10":{"start":{"line":26,"column":0},"end":{"line":26,"column":22}}},"fnMap":{"0":{"name":"Match","decl":{"start":{"line":5,"column":9},"end":{"line":5,"column":14}},"loc":{"start":{"line":5,"column":44},"end":{"line":25,"column":1}},"line":5},"1":{"name":"(anonymous_1)","decl":{"start":{"line":6,"column":11},"end":{"line":6,"column":12}},"loc":{"start":{"line":6,"column":37},"end":{"line":24,"column":5}},"line":6},"2":{"name":"(anonymous_2)","decl":{"start":{"line":13,"column":26},"end":{"line":13,"column":27}},"loc":{"start":{"line":13,"column":43},"end":{"line":17,"column":17}},"line":13},"3":{"name":"(anonymous_3)","decl":{"start":{"line":18,"column":32},"end":{"line":18,"column":33}},"loc":{"start":{"line":18,"column":42},"end":{"line":21,"column":17}},"line":18}},"branchMap":{},"s":{"0":1,"1":1,"2":1,"3":1,"4":1,"5":0,"6":0,"7":0,"8":0,"9":0,"10":1},"f":{"0":1,"1":1,"2":0,"3":0},"b":{},"_coverageSchema":"1a1c01bbd47fc00a2c39e90264f33305004495a9","hash":"cf47eaeb9b14833528c6b73519c27722bb5e888e"}
,"D:\\sonu\\e_commerce_app\\dist\\validators\\userValidator.js": {"path":"D:\\sonu\\e_commerce_app\\dist\\validators\\userValidator.js","statementMap":{"0":{"start":{"line":2,"column":17},"end":{"line":7,"column":1}},"1":{"start":{"line":3,"column":12},"end":{"line":3,"column":28}},"2":{"start":{"line":3,"column":34},"end":{"line":3,"column":125}},"3":{"start":{"line":4,"column":4},"end":{"line":5,"column":150}},"4":{"start":{"line":4,"column":79},"end":{"line":4,"column":131}},"5":{"start":{"line":5,"column":9},"end":{"line":5,"column":150}},"6":{"start":{"line":5,"column":22},"end":{"line":5,"column":43}},"7":{"start":{"line":5,"column":58},"end":{"line":5,"column":150}},"8":{"start":{"line":5,"column":81},"end":{"line":5,"column":150}},"9":{"start":{"line":6,"column":4},"end":{"line":6,"column":66}},"10":{"start":{"line":8,"column":0},"end":{"line":8,"column":62}},"11":{"start":{"line":9,"column":0},"end":{"line":9,"column":36}},"12":{"start":{"line":10,"column":26},"end":{"line":10,"column":52}},"13":{"start":{"line":13,"column":0},"end":{"line":17,"column":54}},"14":{"start":{"line":18,"column":0},"end":{"line":22,"column":53}},"15":{"start":{"line":23,"column":0},"end":{"line":28,"column":50}},"16":{"start":{"line":29,"column":0},"end":{"line":35,"column":53}},"17":{"start":{"line":36,"column":0},"end":{"line":39,"column":49}},"18":{"start":{"line":40,"column":0},"end":{"line":44,"column":52}},"19":{"start":{"line":45,"column":0},"end":{"line":45,"column":48}}},"fnMap":{"0":{"name":"(anonymous_0)","decl":{"start":{"line":2,"column":46},"end":{"line":2,"column":47}},"loc":{"start":{"line":2,"column":87},"end":{"line":7,"column":1}},"line":2}},"branchMap":{"0":{"loc":{"start":{"line":2,"column":17},"end":{"line":7,"column":1}},"type":"binary-expr","locations":[{"start":{"line":2,"column":18},"end":{"line":2,"column":22}},{"start":{"line":2,"column":26},"end":{"line":2,"column":41}},{"start":{"line":2,"column":46},"end":{"line":7,"column":1}}],"line":2},"1":{"loc":{"start":{"line":3,"column":34},"end":{"line":3,"column":125}},"type":"cond-expr","locations":[{"start":{"line":3,"column":42},"end":{"line":3,"column":48}},{"start":{"line":3,"column":51},"end":{"line":3,"column":125}}],"line":3},"2":{"loc":{"start":{"line":3,"column":51},"end":{"line":3,"column":125}},"type":"cond-expr","locations":[{"start":{"line":3,"column":67},"end":{"line":3,"column":118}},{"start":{"line":3,"column":121},"end":{"line":3,"column":125}}],"line":3},"3":{"loc":{"start":{"line":4,"column":4},"end":{"line":5,"column":150}},"type":"if","locations":[{"start":{"line":4,"column":4},"end":{"line":5,"column":150}},{"start":{"line":5,"column":9},"end":{"line":5,"column":150}}],"line":4},"4":{"loc":{"start":{"line":4,"column":8},"end":{"line":4,"column":77}},"type":"binary-expr","locations":[{"start":{"line":4,"column":8},"end":{"line":4,"column":35}},{"start":{"line":4,"column":39},"end":{"line":4,"column":77}}],"line":4},"5":{"loc":{"start":{"line":5,"column":58},"end":{"line":5,"column":150}},"type":"if","locations":[{"start":{"line":5,"column":58},"end":{"line":5,"column":150}},{"start":{},"end":{}}],"line":5},"6":{"loc":{"start":{"line":5,"column":85},"end":{"line":5,"column":149}},"type":"binary-expr","locations":[{"start":{"line":5,"column":86},"end":{"line":5,"column":143}},{"start":{"line":5,"column":148},"end":{"line":5,"column":149}}],"line":5},"7":{"loc":{"start":{"line":5,"column":86},"end":{"line":5,"column":143}},"type":"cond-expr","locations":[{"start":{"line":5,"column":94},"end":{"line":5,"column":98}},{"start":{"line":5,"column":101},"end":{"line":5,"column":143}}],"line":5},"8":{"loc":{"start":{"line":5,"column":101},"end":{"line":5,"column":143}},"type":"cond-expr","locations":[{"start":{"line":5,"column":109},"end":{"line":5,"column":126}},{"start":{"line":5,"column":129},"end":{"line":5,"column":143}}],"line":5},"9":{"loc":{"start":{"line":6,"column":11},"end":{"line":6,"column":62}},"type":"binary-expr","locations":[{"start":{"line":6,"column":11},"end":{"line":6,"column":16}},{"start":{"line":6,"column":20},"end":{"line":6,"column":21}},{"start":{"line":6,"column":25},"end":{"line":6,"column":62}}],"line":6}},"s":{"0":1,"1":6,"2":6,"3":6,"4":0,"5":6,"6":6,"7":20,"8":20,"9":6,"10":1,"11":1,"12":1,"13":1,"14":1,"15":1,"16":1,"17":1,"18":1,"19":1},"f":{"0":6},"b":{"0":[1,0,1],"1":[0,6],"2":[0,6],"3":[0,6],"4":[6,6],"5":[20,0],"6":[20,20],"7":[0,20],"8":[20,0],"9":[6,6,0]},"_coverageSchema":"1a1c01bbd47fc00a2c39e90264f33305004495a9","hash":"345b27a927b4922c72ea9b1cf66117fae91ce6b8"}
,"D:\\sonu\\e_commerce_app\\src\\controllers\\authController.ts": {"path":"D:\\sonu\\e_commerce_app\\src\\controllers\\authController.ts","statementMap":{"0":{"start":{"line":5,"column":15},"end":{"line":5,"column":32}},"1":{"start":{"line":13,"column":23},"end":{"line":169,"column":1}},"2":{"start":{"line":15,"column":68},"end":{"line":15,"column":76}},"3":{"start":{"line":17,"column":4},"end":{"line":40,"column":5}},"4":{"start":{"line":19,"column":22},"end":{"line":19,"column":46}},"5":{"start":{"line":20,"column":6},"end":{"line":20,"column":37}},"6":{"start":{"line":21,"column":6},"end":{"line":21,"column":35}},"7":{"start":{"line":22,"column":6},"end":{"line":22,"column":29}},"8":{"start":{"line":23,"column":6},"end":{"line":23,"column":35}},"9":{"start":{"line":24,"column":6},"end":{"line":24,"column":27}},"10":{"start":{"line":25,"column":6},"end":{"line":25,"column":33}},"11":{"start":{"line":27,"column":21},"end":{"line":27,"column":67}},"12":{"start":{"line":29,"column":6},"end":{"line":32,"column":7}},"13":{"start":{"line":30,"column":8},"end":{"line":30,"column":36}},"14":{"start":{"line":31,"column":8},"end":{"line":31,"column":53}},"15":{"start":{"line":34,"column":19},"end":{"line":34,"column":46}},"16":{"start":{"line":35,"column":6},"end":{"line":35,"column":78}},"17":{"start":{"line":38,"column":6},"end":{"line":38,"column":51}},"18":{"start":{"line":44,"column":4},"end":{"line":75,"column":5}},"19":{"start":{"line":45,"column":6},"end":{"line":45,"column":31}},"20":{"start":{"line":47,"column":19},"end":{"line":47,"column":64}},"21":{"start":{"line":48,"column":6},"end":{"line":51,"column":7}},"22":{"start":{"line":50,"column":8},"end":{"line":50,"column":65}},"23":{"start":{"line":52,"column":22},"end":{"line":52,"column":67}},"24":{"start":{"line":53,"column":6},"end":{"line":56,"column":7}},"25":{"start":{"line":55,"column":8},"end":{"line":55,"column":81}},"26":{"start":{"line":69,"column":6},"end":{"line":69,"column":63}},"27":{"start":{"line":71,"column":6},"end":{"line":71,"column":33}},"28":{"start":{"line":72,"column":6},"end":{"line":74,"column":8}},"29":{"start":{"line":79,"column":22},"end":{"line":79,"column":30}},"30":{"start":{"line":80,"column":4},"end":{"line":82,"column":5}},"31":{"start":{"line":81,"column":6},"end":{"line":81,"column":41}},"32":{"start":{"line":83,"column":4},"end":{"line":108,"column":5}},"33":{"start":{"line":84,"column":19},"end":{"line":84,"column":48}},"34":{"start":{"line":85,"column":6},"end":{"line":87,"column":7}},"35":{"start":{"line":86,"column":8},"end":{"line":86,"column":72}},"36":{"start":{"line":88,"column":20},"end":{"line":88,"column":61}},"37":{"start":{"line":89,"column":6},"end":{"line":89,"column":41}},"38":{"start":{"line":89,"column":17},"end":{"line":89,"column":41}},"39":{"start":{"line":90,"column":23},"end":{"line":90,"column":61}},"40":{"start":{"line":91,"column":19},"end":{"line":94,"column":7}},"41":{"start":{"line":95,"column":6},"end":{"line":99,"column":9}},"42":{"start":{"line":100,"column":6},"end":{"line":103,"column":9}},"43":{"start":{"line":105,"column":6},"end":{"line":107,"column":8}},"44":{"start":{"line":111,"column":40},"end":{"line":111,"column":48}},"45":{"start":{"line":113,"column":4},"end":{"line":137,"column":5}},"46":{"start":{"line":114,"column":29},"end":{"line":114,"column":60}},"47":{"start":{"line":115,"column":6},"end":{"line":119,"column":7}},"48":{"start":{"line":116,"column":8},"end":{"line":118,"column":10}},"49":{"start":{"line":121,"column":22},"end":{"line":121,"column":71}},"50":{"start":{"line":122,"column":6},"end":{"line":126,"column":7}},"51":{"start":{"line":123,"column":8},"end":{"line":125,"column":10}},"52":{"start":{"line":127,"column":19},"end":{"line":127,"column":79}},"53":{"start":{"line":128,"column":26},"end":{"line":128,"column":97}},"54":{"start":{"line":129,"column":6},"end":{"line":129,"column":39}},"55":{"start":{"line":130,"column":6},"end":{"line":133,"column":9}},"56":{"start":{"line":135,"column":6},"end":{"line":135,"column":34}},"57":{"start":{"line":136,"column":6},"end":{"line":136,"column":65}},"58":{"start":{"line":141,"column":17},"end":{"line":141,"column":25}},"59":{"start":{"line":142,"column":42},"end":{"line":142,"column":50}},"60":{"start":{"line":143,"column":4},"end":{"line":163,"column":5}},"61":{"start":{"line":144,"column":26},"end":{"line":144,"column":60}},"62":{"start":{"line":145,"column":6},"end":{"line":145,"column":39}},"63":{"start":{"line":146,"column":6},"end":{"line":146,"column":53}},"64":{"start":{"line":147,"column":21},"end":{"line":147,"column":50}},"65":{"start":{"line":149,"column":6},"end":{"line":152,"column":7}},"66":{"start":{"line":150,"column":8},"end":{"line":150,"column":36}},"67":{"start":{"line":151,"column":8},"end":{"line":151,"column":53}},"68":{"start":{"line":153,"column":19},"end":{"line":153,"column":79}},"69":{"start":{"line":155,"column":6},"end":{"line":155,"column":79}},"70":{"start":{"line":156,"column":6},"end":{"line":156,"column":31}},"71":{"start":{"line":157,"column":6},"end":{"line":159,"column":9}},"72":{"start":{"line":161,"column":6},"end":{"line":161,"column":34}},"73":{"start":{"line":162,"column":6},"end":{"line":162,"column":64}},"74":{"start":{"line":166,"column":4},"end":{"line":166,"column":29}},"75":{"start":{"line":167,"column":4},"end":{"line":167,"column":66}}},"fnMap":{"0":{"name":"(anonymous_0)","decl":{"start":{"line":14,"column":10},"end":{"line":14,"column":11}},"loc":{"start":{"line":14,"column":69},"end":{"line":41,"column":3}},"line":14},"1":{"name":"(anonymous_1)","decl":{"start":{"line":42,"column":9},"end":{"line":42,"column":10}},"loc":{"start":{"line":42,"column":68},"end":{"line":77,"column":3}},"line":42},"2":{"name":"(anonymous_2)","decl":{"start":{"line":78,"column":18},"end":{"line":78,"column":19}},"loc":{"start":{"line":78,"column":77},"end":{"line":109,"column":3}},"line":78},"3":{"name":"(anonymous_3)","decl":{"start":{"line":110,"column":17},"end":{"line":110,"column":18}},"loc":{"start":{"line":110,"column":76},"end":{"line":138,"column":3}},"line":110},"4":{"name":"(anonymous_4)","decl":{"start":{"line":139,"column":18},"end":{"line":139,"column":19}},"loc":{"start":{"line":139,"column":77},"end":{"line":164,"column":3}},"line":139},"5":{"name":"(anonymous_5)","decl":{"start":{"line":165,"column":10},"end":{"line":165,"column":11}},"loc":{"start":{"line":165,"column":69},"end":{"line":168,"column":3}},"line":165}},"branchMap":{"0":{"loc":{"start":{"line":29,"column":6},"end":{"line":32,"column":7}},"type":"if","locations":[{"start":{"line":29,"column":6},"end":{"line":32,"column":7}},{"start":{},"end":{}}],"line":29},"1":{"loc":{"start":{"line":48,"column":6},"end":{"line":51,"column":7}},"type":"if","locations":[{"start":{"line":48,"column":6},"end":{"line":51,"column":7}},{"start":{},"end":{}}],"line":48},"2":{"loc":{"start":{"line":53,"column":6},"end":{"line":56,"column":7}},"type":"if","locations":[{"start":{"line":53,"column":6},"end":{"line":56,"column":7}},{"start":{},"end":{}}],"line":53},"3":{"loc":{"start":{"line":80,"column":4},"end":{"line":82,"column":5}},"type":"if","locations":[{"start":{"line":80,"column":4},"end":{"line":82,"column":5}},{"start":{},"end":{}}],"line":80},"4":{"loc":{"start":{"line":85,"column":6},"end":{"line":87,"column":7}},"type":"if","locations":[{"start":{"line":85,"column":6},"end":{"line":87,"column":7}},{"start":{},"end":{}}],"line":85},"5":{"loc":{"start":{"line":89,"column":6},"end":{"line":89,"column":41}},"type":"if","locations":[{"start":{"line":89,"column":6},"end":{"line":89,"column":41}},{"start":{},"end":{}}],"line":89},"6":{"loc":{"start":{"line":115,"column":6},"end":{"line":119,"column":7}},"type":"if","locations":[{"start":{"line":115,"column":6},"end":{"line":119,"column":7}},{"start":{},"end":{}}],"line":115},"7":{"loc":{"start":{"line":122,"column":6},"end":{"line":126,"column":7}},"type":"if","locations":[{"start":{"line":122,"column":6},"end":{"line":126,"column":7}},{"start":{},"end":{}}],"line":122},"8":{"loc":{"start":{"line":149,"column":6},"end":{"line":152,"column":7}},"type":"if","locations":[{"start":{"line":149,"column":6},"end":{"line":152,"column":7}},{"start":{},"end":{}}],"line":149}},"s":{"0":1,"1":1,"2":0,"3":0,"4":0,"5":0,"6":0,"7":0,"8":0,"9":0,"10":0,"11":0,"12":0,"13":0,"14":0,"15":0,"16":0,"17":0,"18":2,"19":2,"20":2,"21":2,"22":1,"23":1,"24":1,"25":0,"26":1,"27":0,"28":0,"29":0,"30":0,"31":0,"32":0,"33":0,"34":0,"35":0,"36":0,"37":0,"38":0,"39":0,"40":0,"41":0,"42":0,"43":0,"44":0,"45":0,"46":0,"47":0,"48":0,"49":0,"50":0,"51":0,"52":0,"53":0,"54":0,"55":0,"56":0,"57":0,"58":0,"59":0,"60":0,"61":0,"62":0,"63":0,"64":0,"65":0,"66":0,"67":0,"68":0,"69":0,"70":0,"71":0,"72":0,"73":0,"74":0,"75":0},"f":{"0":0,"1":2,"2":0,"3":0,"4":0,"5":0},"b":{"0":[0,0],"1":[1,1],"2":[0,1],"3":[0,0],"4":[0,0],"5":[0,0],"6":[0,0],"7":[0,0],"8":[0,0]},"_coverageSchema":"1a1c01bbd47fc00a2c39e90264f33305004495a9","hash":"e8ab56da8d26f84d814434556f3840dfd9d0b416"}
,"D:\\sonu\\e_commerce_app\\src\\models\\tokenModel.ts": {"path":"D:\\sonu\\e_commerce_app\\src\\models\\tokenModel.ts","statementMap":{"0":{"start":{"line":1,"column":17},"end":{"line":1,"column":36}},"1":{"start":{"line":2,"column":15},"end":{"line":2,"column":30}},"2":{"start":{"line":4,"column":16},"end":{"line":15,"column":1}},"3":{"start":{"line":16,"column":20},"end":{"line":33,"column":1}},"4":{"start":{"line":34,"column":14},"end":{"line":34,"column":50}}},"fnMap":{},"branchMap":{},"s":{"0":1,"1":1,"2":1,"3":1,"4":1},"f":{},"b":{},"_coverageSchema":"1a1c01bbd47fc00a2c39e90264f33305004495a9","hash":"9e17009af9ec97fe63e4305ca5c0ea5dd2fe06ed"}
,"D:\\sonu\\e_commerce_app\\src\\models\\userModel.ts": {"path":"D:\\sonu\\e_commerce_app\\src\\models\\userModel.ts","statementMap":{"0":{"start":{"line":3,"column":12},"end":{"line":3,"column":35}},"1":{"start":{"line":6,"column":23},"end":{"line":6,"column":50}},"2":{"start":{"line":7,"column":16},"end":{"line":18,"column":1}},"3":{"start":{"line":20,"column":19},"end":{"line":70,"column":1}},"4":{"start":{"line":49,"column":12},"end":{"line":49,"column":132}},"5":{"start":{"line":50,"column":10},"end":{"line":50,"column":35}},"6":{"start":{"line":72,"column":0},"end":{"line":86,"column":3}},"7":{"start":{"line":73,"column":2},"end":{"line":75,"column":3}},"8":{"start":{"line":74,"column":4},"end":{"line":74,"column":18}},"9":{"start":{"line":76,"column":2},"end":{"line":85,"column":3}},"10":{"start":{"line":77,"column":17},"end":{"line":80,"column":5}},"11":{"start":{"line":81,"column":4},"end":{"line":81,"column":25}},"12":{"start":{"line":82,"column":4},"end":{"line":82,"column":11}},"13":{"start":{"line":84,"column":4},"end":{"line":84,"column":21}},"14":{"start":{"line":89,"column":0},"end":{"line":91,"column":2}},"15":{"start":{"line":90,"column":2},"end":{"line":90,"column":49}},"16":{"start":{"line":94,"column":0},"end":{"line":97,"column":2}},"17":{"start":{"line":95,"column":2},"end":{"line":95,"column":23}},"18":{"start":{"line":96,"column":2},"end":{"line":96,"column":21}},"19":{"start":{"line":100,"column":0},"end":{"line":105,"column":2}},"20":{"start":{"line":101,"column":16},"end":{"line":103,"column":4}},"21":{"start":{"line":104,"column":2},"end":{"line":104,"column":15}},"22":{"start":{"line":107,"column":0},"end":{"line":114,"column":2}},"23":{"start":{"line":108,"column":2},"end":{"line":113,"column":3}},"24":{"start":{"line":109,"column":20},"end":{"line":109,"column":61}},"25":{"start":{"line":110,"column":4},"end":{"line":110,"column":46}},"26":{"start":{"line":112,"column":4},"end":{"line":112,"column":61}},"27":{"start":{"line":116,"column":0},"end":{"line":116,"column":34}},"28":{"start":{"line":117,"column":13},"end":{"line":117,"column":47}}},"fnMap":{"0":{"name":"(anonymous_0)","decl":{"start":{"line":46,"column":19},"end":{"line":46,"column":20}},"loc":{"start":{"line":46,"column":44},"end":{"line":51,"column":9}},"line":46},"1":{"name":"(anonymous_1)","decl":{"start":{"line":72,"column":23},"end":{"line":72,"column":24}},"loc":{"start":{"line":72,"column":45},"end":{"line":86,"column":1}},"line":72},"2":{"name":"(anonymous_2)","decl":{"start":{"line":89,"column":37},"end":{"line":89,"column":38}},"loc":{"start":{"line":89,"column":65},"end":{"line":91,"column":1}},"line":89},"3":{"name":"(anonymous_3)","decl":{"start":{"line":94,"column":41},"end":{"line":94,"column":42}},"loc":{"start":{"line":94,"column":53},"end":{"line":97,"column":1}},"line":94},"4":{"name":"(anonymous_4)","decl":{"start":{"line":100,"column":39},"end":{"line":100,"column":40}},"loc":{"start":{"line":100,"column":51},"end":{"line":105,"column":1}},"line":100},"5":{"name":"(anonymous_5)","decl":{"start":{"line":107,"column":33},"end":{"line":107,"column":34}},"loc":{"start":{"line":107,"column":58},"end":{"line":114,"column":1}},"line":107}},"branchMap":{"0":{"loc":{"start":{"line":73,"column":2},"end":{"line":75,"column":3}},"type":"if","locations":[{"start":{"line":73,"column":2},"end":{"line":75,"column":3}},{"start":{},"end":{}}],"line":73}},"s":{"0":1,"1":1,"2":1,"3":1,"4":0,"5":0,"6":1,"7":0,"8":0,"9":0,"10":0,"11":0,"12":0,"13":0,"14":1,"15":0,"16":1,"17":0,"18":0,"19":1,"20":0,"21":0,"22":1,"23":0,"24":0,"25":0,"26":0,"27":1,"28":1},"f":{"0":0,"1":0,"2":0,"3":0,"4":0,"5":0},"b":{"0":[0,0]},"_coverageSchema":"1a1c01bbd47fc00a2c39e90264f33305004495a9","hash":"945313a039ddd030a78951ec7b165d95e59cdc4d"}
,"D:\\sonu\\e_commerce_app\\src\\utils\\appError.ts": {"path":"D:\\sonu\\e_commerce_app\\src\\utils\\appError.ts","statementMap":{"0":{"start":{"line":6,"column":4},"end":{"line":6,"column":19}},"1":{"start":{"line":8,"column":4},"end":{"line":8,"column":33}},"2":{"start":{"line":9,"column":4},"end":{"line":9,"column":69}},"3":{"start":{"line":10,"column":4},"end":{"line":10,"column":30}},"4":{"start":{"line":12,"column":4},"end":{"line":12,"column":52}}},"fnMap":{"0":{"name":"(anonymous_0)","decl":{"start":{"line":5,"column":2},"end":{"line":5,"column":3}},"loc":{"start":{"line":5,"column":51},"end":{"line":13,"column":3}},"line":5}},"branchMap":{"0":{"loc":{"start":{"line":9,"column":18},"end":{"line":9,"column":68}},"type":"cond-expr","locations":[{"start":{"line":9,"column":52},"end":{"line":9,"column":58}},{"start":{"line":9,"column":61},"end":{"line":9,"column":68}}],"line":9}},"s":{"0":0,"1":0,"2":0,"3":0,"4":0},"f":{"0":0},"b":{"0":[0,0]},"_coverageSchema":"1a1c01bbd47fc00a2c39e90264f33305004495a9","hash":"16ced7a0b1d7e02d31b0d1b365d30b369d64adb9"}
,"D:\\sonu\\e_commerce_app\\src\\validators\\changePasswordValidator.ts": {"path":"D:\\sonu\\e_commerce_app\\src\\validators\\changePasswordValidator.ts","statementMap":{},"fnMap":{},"branchMap":{},"s":{},"f":{},"b":{},"_coverageSchema":"1a1c01bbd47fc00a2c39e90264f33305004495a9","hash":"2d83215237844c5aa4ea94ee0fb66fc0b8e4d072"}
,"D:\\sonu\\e_commerce_app\\src\\validators\\customeValidator.ts": {"path":"D:\\sonu\\e_commerce_app\\src\\validators\\customeValidator.ts","statementMap":{"0":{"start":{"line":5,"column":4},"end":{"line":23,"column":6}},"1":{"start":{"line":6,"column":8},"end":{"line":22,"column":11}},"2":{"start":{"line":13,"column":50},"end":{"line":13,"column":66}},"3":{"start":{"line":14,"column":41},"end":{"line":14,"column":82}},"4":{"start":{"line":15,"column":20},"end":{"line":15,"column":50}},"5":{"start":{"line":18,"column":50},"end":{"line":18,"column":66}},"6":{"start":{"line":19,"column":20},"end":{"line":19,"column":85}}},"fnMap":{"0":{"name":"Match","decl":{"start":{"line":4,"column":16},"end":{"line":4,"column":21}},"loc":{"start":{"line":4,"column":79},"end":{"line":24,"column":1}},"line":4},"1":{"name":"(anonymous_1)","decl":{"start":{"line":5,"column":11},"end":{"line":5,"column":12}},"loc":{"start":{"line":5,"column":50},"end":{"line":23,"column":5}},"line":5},"2":{"name":"(anonymous_2)","decl":{"start":{"line":12,"column":26},"end":{"line":12,"column":27}},"loc":{"start":{"line":12,"column":69},"end":{"line":16,"column":17}},"line":12},"3":{"name":"(anonymous_3)","decl":{"start":{"line":17,"column":32},"end":{"line":17,"column":33}},"loc":{"start":{"line":17,"column":63},"end":{"line":20,"column":17}},"line":17}},"branchMap":{},"s":{"0":1,"1":1,"2":0,"3":0,"4":0,"5":0,"6":0},"f":{"0":1,"1":1,"2":0,"3":0},"b":{},"_coverageSchema":"1a1c01bbd47fc00a2c39e90264f33305004495a9","hash":"4ccd4cbb10f1ff94fd6f761674deda5c9a6269ef"}
,"D:\\sonu\\e_commerce_app\\src\\validators\\userValidator.ts": {"path":"D:\\sonu\\e_commerce_app\\src\\validators\\userValidator.ts","statementMap":{},"fnMap":{},"branchMap":{},"s":{},"f":{},"b":{},"_coverageSchema":"1a1c01bbd47fc00a2c39e90264f33305004495a9","hash":"53880d911a613327172ad69e8fb81d78cd5ce175"}
}
