TN:
SF:dist\controllers\authController.js
FN:2,(anonymous_0)
FN:6,(anonymous_1)
FN:9,(anonymous_2)
FN:13,(anonymous_3)
FN:15,(anonymous_4)
FN:18,(anonymous_5)
FN:25,(anonymous_6)
FN:26,adopt
FN:26,(anonymous_8)
FN:27,(anonymous_9)
FN:28,fulfilled
FN:29,rejected
FN:30,step
FN:34,(anonymous_13)
FN:47,(anonymous_14)
FN:47,(anonymous_15)
FN:69,(anonymous_16)
FN:69,(anonymous_17)
FN:97,(anonymous_18)
FN:97,(anonymous_19)
FN:126,(anonymous_20)
FN:126,(anonymous_21)
FN:150,(anonymous_22)
FN:150,(anonymous_23)
FN:175,(anonymous_24)
FN:175,(anonymous_25)
FNF:26
FNH:12
FNDA:11,(anonymous_0)
FNDA:0,(anonymous_1)
FNDA:0,(anonymous_2)
FNDA:1,(anonymous_3)
FNDA:0,(anonymous_4)
FNDA:1,(anonymous_5)
FNDA:2,(anonymous_6)
FNDA:3,adopt
FNDA:2,(anonymous_8)
FNDA:2,(anonymous_9)
FNDA:3,fulfilled
FNDA:0,rejected
FNDA:5,step
FNDA:2,(anonymous_13)
FNDA:0,(anonymous_14)
FNDA:0,(anonymous_15)
FNDA:2,(anonymous_16)
FNDA:2,(anonymous_17)
FNDA:0,(anonymous_18)
FNDA:0,(anonymous_19)
FNDA:0,(anonymous_20)
FNDA:0,(anonymous_21)
FNDA:0,(anonymous_22)
FNDA:0,(anonymous_23)
FNDA:0,(anonymous_24)
FNDA:0,(anonymous_25)
DA:2,1
DA:3,11
DA:4,11
DA:5,11
DA:6,11
DA:8,11
DA:10,0
DA:11,0
DA:13,1
DA:14,1
DA:16,0
DA:18,1
DA:19,1
DA:20,1
DA:21,11
DA:22,1
DA:23,1
DA:25,1
DA:26,3
DA:27,2
DA:28,3
DA:29,0
DA:30,5
DA:31,2
DA:34,1
DA:35,2
DA:37,1
DA:38,1
DA:39,1
DA:40,1
DA:41,1
DA:42,1
DA:43,1
DA:44,1
DA:45,1
DA:46,1
DA:47,0
DA:48,0
DA:49,0
DA:50,0
DA:51,0
DA:52,0
DA:53,0
DA:54,0
DA:55,0
DA:56,0
DA:57,0
DA:58,0
DA:59,0
DA:60,0
DA:62,0
DA:63,0
DA:66,0
DA:69,2
DA:70,2
DA:71,2
DA:72,2
DA:73,2
DA:75,1
DA:77,1
DA:78,1
DA:80,0
DA:90,1
DA:93,0
DA:94,0
DA:97,0
DA:98,0
DA:99,0
DA:100,0
DA:102,0
DA:103,0
DA:104,0
DA:105,0
DA:107,0
DA:108,0
DA:109,0
DA:110,0
DA:111,0
DA:112,0
DA:117,0
DA:123,0
DA:126,0
DA:127,0
DA:128,0
DA:129,0
DA:130,0
DA:131,0
DA:133,0
DA:134,0
DA:135,0
DA:137,0
DA:138,0
DA:139,0
DA:140,0
DA:146,0
DA:147,0
DA:150,0
DA:152,0
DA:153,0
DA:154,0
DA:155,0
DA:156,0
DA:157,0
DA:158,0
DA:159,0
DA:160,0
DA:161,0
DA:163,0
DA:164,0
DA:165,0
DA:166,0
DA:171,0
DA:172,0
DA:175,0
DA:176,0
DA:177,0
DA:180,1
LF:117
LH:42
BRDA:2,0,0,1
BRDA:2,0,1,0
BRDA:2,0,2,1
BRDA:2,1,0,1
BRDA:2,1,1,0
BRDA:3,2,0,11
BRDA:3,2,1,0
BRDA:5,3,0,11
BRDA:5,3,1,0
BRDA:5,4,0,11
BRDA:5,4,1,11
BRDA:5,5,0,0
BRDA:5,5,1,11
BRDA:5,6,0,11
BRDA:5,6,1,0
BRDA:10,7,0,0
BRDA:10,7,1,0
BRDA:13,8,0,1
BRDA:13,8,1,0
BRDA:13,8,2,1
BRDA:13,9,0,1
BRDA:13,9,1,0
BRDA:18,10,0,1
BRDA:18,10,1,0
BRDA:18,10,2,1
BRDA:19,11,0,0
BRDA:19,11,1,1
BRDA:19,12,0,1
BRDA:19,12,1,1
BRDA:21,13,0,1
BRDA:21,13,1,0
BRDA:21,14,0,11
BRDA:21,14,1,0
BRDA:21,15,0,11
BRDA:21,15,1,11
BRDA:25,16,0,1
BRDA:25,16,1,0
BRDA:25,16,2,1
BRDA:26,17,0,1
BRDA:26,17,1,2
BRDA:27,18,0,2
BRDA:27,18,1,2
BRDA:30,19,0,2
BRDA:30,19,1,3
BRDA:31,20,0,2
BRDA:31,20,1,2
BRDA:34,21,0,1
BRDA:34,21,1,0
BRDA:34,21,2,1
BRDA:35,22,0,2
BRDA:35,22,1,0
BRDA:35,23,0,2
BRDA:35,23,1,2
BRDA:58,24,0,0
BRDA:58,24,1,0
BRDA:58,25,0,0
BRDA:58,25,1,0
BRDA:58,26,0,0
BRDA:58,26,1,0
BRDA:73,27,0,1
BRDA:73,27,1,1
BRDA:78,28,0,0
BRDA:78,28,1,1
BRDA:99,29,0,0
BRDA:99,29,1,0
BRDA:104,30,0,0
BRDA:104,30,1,0
BRDA:108,31,0,0
BRDA:108,31,1,0
BRDA:130,32,0,0
BRDA:130,32,1,0
BRDA:134,33,0,0
BRDA:134,33,1,0
BRDA:159,34,0,0
BRDA:159,34,1,0
BRDA:159,35,0,0
BRDA:159,35,1,0
BRDA:159,36,0,0
BRDA:159,36,1,0
BRF:79
BRH:39
end_of_record
TN:
SF:dist\models\tokenModel.js
FNF:0
FNH:0
DA:2,1
DA:3,1
DA:4,1
DA:5,1
DA:17,1
DA:34,1
DA:35,1
LF:7
LH:7
BRF:0
BRH:0
end_of_record
TN:
SF:dist\models\userModel.js
FN:2,(anonymous_0)
FN:6,(anonymous_1)
FN:9,(anonymous_2)
FN:13,(anonymous_3)
FN:15,(anonymous_4)
FN:18,(anonymous_5)
FN:25,(anonymous_6)
FN:26,adopt
FN:26,(anonymous_8)
FN:27,(anonymous_9)
FN:28,fulfilled
FN:29,rejected
FN:30,step
FN:34,(anonymous_13)
FN:80,(anonymous_14)
FN:100,(anonymous_15)
FN:101,(anonymous_16)
FN:116,(anonymous_17)
FN:120,(anonymous_18)
FN:125,(anonymous_19)
FN:131,(anonymous_20)
FNF:21
FNH:4
FNDA:11,(anonymous_0)
FNDA:0,(anonymous_1)
FNDA:0,(anonymous_2)
FNDA:1,(anonymous_3)
FNDA:0,(anonymous_4)
FNDA:1,(anonymous_5)
FNDA:0,(anonymous_6)
FNDA:0,adopt
FNDA:0,(anonymous_8)
FNDA:0,(anonymous_9)
FNDA:0,fulfilled
FNDA:0,rejected
FNDA:0,step
FNDA:2,(anonymous_13)
FNDA:0,(anonymous_14)
FNDA:0,(anonymous_15)
FNDA:0,(anonymous_16)
FNDA:0,(anonymous_17)
FNDA:0,(anonymous_18)
FNDA:0,(anonymous_19)
FNDA:0,(anonymous_20)
DA:2,1
DA:3,11
DA:4,11
DA:5,11
DA:6,11
DA:8,11
DA:10,0
DA:11,0
DA:13,1
DA:14,1
DA:16,0
DA:18,1
DA:19,1
DA:20,1
DA:21,11
DA:22,1
DA:23,1
DA:25,1
DA:26,0
DA:27,0
DA:28,0
DA:29,0
DA:30,0
DA:31,0
DA:34,1
DA:35,2
DA:37,1
DA:38,1
DA:39,1
DA:40,1
DA:41,1
DA:42,1
DA:43,1
DA:55,1
DA:82,0
DA:83,0
DA:100,1
DA:101,0
DA:102,0
DA:103,0
DA:105,0
DA:106,0
DA:107,0
DA:108,0
DA:111,0
DA:116,1
DA:117,0
DA:120,1
DA:121,0
DA:122,0
DA:125,1
DA:126,0
DA:129,0
DA:131,1
DA:132,0
DA:133,0
DA:134,0
DA:137,0
DA:140,1
DA:141,1
DA:142,1
LF:61
LH:33
BRDA:2,0,0,1
BRDA:2,0,1,0
BRDA:2,0,2,1
BRDA:2,1,0,1
BRDA:2,1,1,0
BRDA:3,2,0,11
BRDA:3,2,1,0
BRDA:5,3,0,11
BRDA:5,3,1,0
BRDA:5,4,0,11
BRDA:5,4,1,11
BRDA:5,5,0,0
BRDA:5,5,1,11
BRDA:5,6,0,11
BRDA:5,6,1,0
BRDA:10,7,0,0
BRDA:10,7,1,0
BRDA:13,8,0,1
BRDA:13,8,1,0
BRDA:13,8,2,1
BRDA:13,9,0,1
BRDA:13,9,1,0
BRDA:18,10,0,1
BRDA:18,10,1,0
BRDA:18,10,2,1
BRDA:19,11,0,0
BRDA:19,11,1,1
BRDA:19,12,0,1
BRDA:19,12,1,1
BRDA:21,13,0,1
BRDA:21,13,1,0
BRDA:21,14,0,11
BRDA:21,14,1,0
BRDA:21,15,0,11
BRDA:21,15,1,11
BRDA:25,16,0,1
BRDA:25,16,1,0
BRDA:25,16,2,1
BRDA:26,17,0,0
BRDA:26,17,1,0
BRDA:27,18,0,0
BRDA:27,18,1,0
BRDA:30,19,0,0
BRDA:30,19,1,0
BRDA:31,20,0,0
BRDA:31,20,1,0
BRDA:34,21,0,1
BRDA:34,21,1,0
BRDA:34,21,2,1
BRDA:35,22,0,0
BRDA:35,22,1,2
BRDA:35,23,0,2
BRDA:35,23,1,2
BRDA:102,24,0,0
BRDA:102,24,1,0
BRF:55
BRH:28
end_of_record
TN:
SF:dist\test\sum.js
FN:4,(anonymous_0)
FNF:1
FNH:1
FNDA:1,(anonymous_0)
DA:2,1
DA:3,1
DA:4,1
DA:5,1
DA:7,1
LF:5
LH:5
BRF:0
BRH:0
end_of_record
TN:
SF:dist\utils\appError.js
FN:5,(anonymous_0)
FNF:1
FNH:0
FNDA:0,(anonymous_0)
DA:2,1
DA:3,1
DA:6,0
DA:7,0
DA:8,0
DA:9,0
DA:10,0
DA:13,1
LF:8
LH:3
BRDA:8,0,0,0
BRDA:8,0,1,0
BRF:2
BRH:0
end_of_record
TN:
SF:dist\validators\changePasswordValidator.js
FN:2,(anonymous_0)
FNF:1
FNH:1
FNDA:2,(anonymous_0)
DA:2,1
DA:3,2
DA:4,2
DA:5,8
DA:6,2
DA:8,1
DA:9,1
DA:10,1
DA:11,1
DA:14,1
DA:20,1
DA:26,1
LF:12
LH:12
BRDA:2,0,0,1
BRDA:2,0,1,0
BRDA:2,0,2,1
BRDA:3,1,0,0
BRDA:3,1,1,2
BRDA:3,2,0,0
BRDA:3,2,1,2
BRDA:4,3,0,0
BRDA:4,3,1,2
BRDA:4,4,0,2
BRDA:4,4,1,2
BRDA:5,5,0,8
BRDA:5,5,1,0
BRDA:5,6,0,8
BRDA:5,6,1,8
BRDA:5,7,0,0
BRDA:5,7,1,8
BRDA:5,8,0,8
BRDA:5,8,1,0
BRDA:6,9,0,2
BRDA:6,9,1,2
BRDA:6,9,2,0
BRF:22
BRH:14
end_of_record
TN:
SF:dist\validators\customeValidator.js
FN:5,Match
FN:6,(anonymous_1)
FN:13,(anonymous_2)
FN:18,(anonymous_3)
FNF:4
FNH:2
FNDA:1,Match
FNDA:1,(anonymous_1)
FNDA:0,(anonymous_2)
FNDA:0,(anonymous_3)
DA:2,1
DA:3,1
DA:4,1
DA:6,1
DA:7,1
DA:14,0
DA:15,0
DA:16,0
DA:19,0
DA:20,0
DA:26,1
LF:11
LH:6
BRF:0
BRH:0
end_of_record
TN:
SF:dist\validators\userValidator.js
FN:2,(anonymous_0)
FNF:1
FNH:1
FNDA:6,(anonymous_0)
DA:2,1
DA:3,6
DA:4,6
DA:5,20
DA:6,6
DA:8,1
DA:9,1
DA:10,1
DA:13,1
DA:18,1
DA:23,1
DA:29,1
DA:36,1
DA:40,1
DA:45,1
LF:15
LH:15
BRDA:2,0,0,1
BRDA:2,0,1,0
BRDA:2,0,2,1
BRDA:3,1,0,0
BRDA:3,1,1,6
BRDA:3,2,0,0
BRDA:3,2,1,6
BRDA:4,3,0,0
BRDA:4,3,1,6
BRDA:4,4,0,6
BRDA:4,4,1,6
BRDA:5,5,0,20
BRDA:5,5,1,0
BRDA:5,6,0,20
BRDA:5,6,1,20
BRDA:5,7,0,0
BRDA:5,7,1,20
BRDA:5,8,0,20
BRDA:5,8,1,0
BRDA:6,9,0,6
BRDA:6,9,1,6
BRDA:6,9,2,0
BRF:22
BRH:14
end_of_record
TN:
SF:src\controllers\authController.ts
FN:14,(anonymous_0)
FN:42,(anonymous_1)
FN:78,(anonymous_2)
FN:110,(anonymous_3)
FN:139,(anonymous_4)
FN:165,(anonymous_5)
FNF:6
FNH:1
FNDA:0,(anonymous_0)
FNDA:2,(anonymous_1)
FNDA:0,(anonymous_2)
FNDA:0,(anonymous_3)
FNDA:0,(anonymous_4)
FNDA:0,(anonymous_5)
DA:5,1
DA:13,1
DA:15,0
DA:17,0
DA:19,0
DA:20,0
DA:21,0
DA:22,0
DA:23,0
DA:24,0
DA:25,0
DA:27,0
DA:29,0
DA:30,0
DA:31,0
DA:34,0
DA:35,0
DA:38,0
DA:44,2
DA:45,2
DA:47,2
DA:48,2
DA:50,1
DA:52,1
DA:53,1
DA:55,0
DA:69,1
DA:71,0
DA:72,0
DA:79,0
DA:80,0
DA:81,0
DA:83,0
DA:84,0
DA:85,0
DA:86,0
DA:88,0
DA:89,0
DA:90,0
DA:91,0
DA:95,0
DA:100,0
DA:105,0
DA:111,0
DA:113,0
DA:114,0
DA:115,0
DA:116,0
DA:121,0
DA:122,0
DA:123,0
DA:127,0
DA:128,0
DA:129,0
DA:130,0
DA:135,0
DA:136,0
DA:141,0
DA:142,0
DA:143,0
DA:144,0
DA:145,0
DA:146,0
DA:147,0
DA:149,0
DA:150,0
DA:151,0
DA:153,0
DA:155,0
DA:156,0
DA:157,0
DA:161,0
DA:162,0
DA:166,0
DA:167,0
LF:75
LH:10
BRDA:29,0,0,0
BRDA:29,0,1,0
BRDA:48,1,0,1
BRDA:48,1,1,1
BRDA:53,2,0,0
BRDA:53,2,1,1
BRDA:80,3,0,0
BRDA:80,3,1,0
BRDA:85,4,0,0
BRDA:85,4,1,0
BRDA:89,5,0,0
BRDA:89,5,1,0
BRDA:115,6,0,0
BRDA:115,6,1,0
BRDA:122,7,0,0
BRDA:122,7,1,0
BRDA:149,8,0,0
BRDA:149,8,1,0
BRF:18
BRH:3
end_of_record
TN:
SF:src\models\tokenModel.ts
FNF:0
FNH:0
DA:1,1
DA:2,1
DA:4,1
DA:16,1
DA:34,1
LF:5
LH:5
BRF:0
BRH:0
end_of_record
TN:
SF:src\models\userModel.ts
FN:46,(anonymous_0)
FN:72,(anonymous_1)
FN:89,(anonymous_2)
FN:94,(anonymous_3)
FN:100,(anonymous_4)
FN:107,(anonymous_5)
FNF:6
FNH:0
FNDA:0,(anonymous_0)
FNDA:0,(anonymous_1)
FNDA:0,(anonymous_2)
FNDA:0,(anonymous_3)
FNDA:0,(anonymous_4)
FNDA:0,(anonymous_5)
DA:3,1
DA:6,1
DA:7,1
DA:20,1
DA:49,0
DA:50,0
DA:72,1
DA:73,0
DA:74,0
DA:76,0
DA:77,0
DA:81,0
DA:82,0
DA:84,0
DA:89,1
DA:90,0
DA:94,1
DA:95,0
DA:96,0
DA:100,1
DA:101,0
DA:104,0
DA:107,1
DA:108,0
DA:109,0
DA:110,0
DA:112,0
DA:116,1
DA:117,1
LF:29
LH:11
BRDA:73,0,0,0
BRDA:73,0,1,0
BRF:2
BRH:0
end_of_record
TN:
SF:src\utils\appError.ts
FN:5,(anonymous_0)
FNF:1
FNH:0
FNDA:0,(anonymous_0)
DA:6,0
DA:8,0
DA:9,0
DA:10,0
DA:12,0
LF:5
LH:0
BRDA:9,0,0,0
BRDA:9,0,1,0
BRF:2
BRH:0
end_of_record
TN:
SF:src\validators\changePasswordValidator.ts
FNF:0
FNH:0
LF:0
LH:0
BRF:0
BRH:0
end_of_record
TN:
SF:src\validators\customeValidator.ts
FN:4,Match
FN:5,(anonymous_1)
FN:12,(anonymous_2)
FN:17,(anonymous_3)
FNF:4
FNH:2
FNDA:1,Match
FNDA:1,(anonymous_1)
FNDA:0,(anonymous_2)
FNDA:0,(anonymous_3)
DA:5,1
DA:6,1
DA:13,0
DA:14,0
DA:15,0
DA:18,0
DA:19,0
LF:7
LH:2
BRF:0
BRH:0
end_of_record
TN:
SF:src\validators\userValidator.ts
FNF:0
FNH:0
LF:0
LH:0
BRF:0
BRH:0
end_of_record
